0 info it worked if it ends with ok
1 verbose cli [ 'C:\\Program Files\\nodejs\\node.exe',
1 verbose cli   'C:\\Program Files\\nodejs\\node_modules\\npm\\bin\\npm-cli.js',
1 verbose cli   'install',
1 verbose cli   'moment',
1 verbose cli   '--save' ]
2 info using npm@2.15.1
3 info using node@v4.4.3
4 verbose install initial load of C:\Users\oluwasegun\node project\angular2template\package.json
5 warn package.json angular-quickstart@1.0.0 No description
6 warn package.json angular-quickstart@1.0.0 No repository field.
7 warn package.json angular-quickstart@1.0.0 No README data
8 warn package.json angular-quickstart@1.0.0 No license field.
9 verbose installManyTop reading scoped package data from C:\Users\oluwasegun\node project\angular2template\node_modules\abbrev\package.json
10 verbose installManyTop reading scoped package data from C:\Users\oluwasegun\node project\angular2template\node_modules\accepts\package.json
11 verbose installManyTop reading scoped package data from C:\Users\oluwasegun\node project\angular2template\node_modules\after\package.json
12 verbose installManyTop reading scoped package data from C:\Users\oluwasegun\node project\angular2template\node_modules\angular-in-memory-web-api\package.json
13 verbose installManyTop reading scoped package data from C:\Users\oluwasegun\node project\angular2template\node_modules\angular2-jwt\package.json
14 verbose installManyTop reading scoped package data from C:\Users\oluwasegun\node project\angular2template\node_modules\ansi-regex\package.json
15 verbose installManyTop reading scoped package data from C:\Users\oluwasegun\node project\angular2template\node_modules\ansi-styles\package.json
16 verbose installManyTop reading scoped package data from C:\Users\oluwasegun\node project\angular2template\node_modules\anymatch\package.json
17 verbose installManyTop reading scoped package data from C:\Users\oluwasegun\node project\angular2template\node_modules\arr-diff\package.json
18 verbose installManyTop reading scoped package data from C:\Users\oluwasegun\node project\angular2template\node_modules\arr-flatten\package.json
19 verbose installManyTop reading scoped package data from C:\Users\oluwasegun\node project\angular2template\node_modules\array-unique\package.json
20 verbose installManyTop reading scoped package data from C:\Users\oluwasegun\node project\angular2template\node_modules\arraybuffer.slice\package.json
21 verbose installManyTop reading scoped package data from C:\Users\oluwasegun\node project\angular2template\node_modules\arrify\package.json
22 verbose installManyTop reading scoped package data from C:\Users\oluwasegun\node project\angular2template\node_modules\asn1\package.json
23 verbose installManyTop reading scoped package data from C:\Users\oluwasegun\node project\angular2template\node_modules\assert-plus\package.json
24 verbose installManyTop reading scoped package data from C:\Users\oluwasegun\node project\angular2template\node_modules\async\package.json
25 verbose installManyTop reading scoped package data from C:\Users\oluwasegun\node project\angular2template\node_modules\async-each\package.json
26 verbose installManyTop reading scoped package data from C:\Users\oluwasegun\node project\angular2template\node_modules\async-each-series\package.json
27 verbose installManyTop reading scoped package data from C:\Users\oluwasegun\node project\angular2template\node_modules\aws-sign2\package.json
28 verbose installManyTop reading scoped package data from C:\Users\oluwasegun\node project\angular2template\node_modules\backo2\package.json
29 verbose installManyTop reading scoped package data from C:\Users\oluwasegun\node project\angular2template\node_modules\balanced-match\package.json
30 verbose installManyTop reading scoped package data from C:\Users\oluwasegun\node project\angular2template\node_modules\base64-arraybuffer\package.json
31 verbose installManyTop reading scoped package data from C:\Users\oluwasegun\node project\angular2template\node_modules\base64id\package.json
32 verbose installManyTop reading scoped package data from C:\Users\oluwasegun\node project\angular2template\node_modules\batch\package.json
33 verbose installManyTop reading scoped package data from C:\Users\oluwasegun\node project\angular2template\node_modules\benchmark\package.json
34 verbose installManyTop reading scoped package data from C:\Users\oluwasegun\node project\angular2template\node_modules\better-assert\package.json
35 verbose installManyTop reading scoped package data from C:\Users\oluwasegun\node project\angular2template\node_modules\binary-extensions\package.json
36 verbose installManyTop reading scoped package data from C:\Users\oluwasegun\node project\angular2template\node_modules\bl\package.json
37 verbose installManyTop reading scoped package data from C:\Users\oluwasegun\node project\angular2template\node_modules\blob\package.json
38 verbose installManyTop reading scoped package data from C:\Users\oluwasegun\node project\angular2template\node_modules\bluebird\package.json
39 verbose installManyTop reading scoped package data from C:\Users\oluwasegun\node project\angular2template\node_modules\boom\package.json
40 verbose installManyTop reading scoped package data from C:\Users\oluwasegun\node project\angular2template\node_modules\bootstrap\package.json
41 verbose installManyTop reading scoped package data from C:\Users\oluwasegun\node project\angular2template\node_modules\brace-expansion\package.json
42 verbose installManyTop reading scoped package data from C:\Users\oluwasegun\node project\angular2template\node_modules\braces\package.json
43 verbose installManyTop reading scoped package data from C:\Users\oluwasegun\node project\angular2template\node_modules\browser-sync\package.json
44 verbose installManyTop reading scoped package data from C:\Users\oluwasegun\node project\angular2template\node_modules\browser-sync-client\package.json
45 verbose installManyTop reading scoped package data from C:\Users\oluwasegun\node project\angular2template\node_modules\browser-sync-ui\package.json
46 verbose installManyTop reading scoped package data from C:\Users\oluwasegun\node project\angular2template\node_modules\bs-recipes\package.json
47 verbose installManyTop reading scoped package data from C:\Users\oluwasegun\node project\angular2template\node_modules\buffer-shims\package.json
48 verbose installManyTop reading scoped package data from C:\Users\oluwasegun\node project\angular2template\node_modules\builtin-modules\package.json
49 verbose installManyTop reading scoped package data from C:\Users\oluwasegun\node project\angular2template\node_modules\callsite\package.json
50 verbose installManyTop reading scoped package data from C:\Users\oluwasegun\node project\angular2template\node_modules\camelcase\package.json
51 verbose installManyTop reading scoped package data from C:\Users\oluwasegun\node project\angular2template\node_modules\caseless\package.json
52 verbose installManyTop reading scoped package data from C:\Users\oluwasegun\node project\angular2template\node_modules\chalk\package.json
53 verbose installManyTop reading scoped package data from C:\Users\oluwasegun\node project\angular2template\node_modules\chokidar\package.json
54 verbose installManyTop reading scoped package data from C:\Users\oluwasegun\node project\angular2template\node_modules\cliui\package.json
55 verbose installManyTop reading scoped package data from C:\Users\oluwasegun\node project\angular2template\node_modules\code-point-at\package.json
56 verbose installManyTop reading scoped package data from C:\Users\oluwasegun\node project\angular2template\node_modules\combined-stream\package.json
57 verbose installManyTop reading scoped package data from C:\Users\oluwasegun\node project\angular2template\node_modules\commander\package.json
58 verbose installManyTop reading scoped package data from C:\Users\oluwasegun\node project\angular2template\node_modules\component-bind\package.json
59 verbose installManyTop reading scoped package data from C:\Users\oluwasegun\node project\angular2template\node_modules\component-emitter\package.json
60 verbose installManyTop reading scoped package data from C:\Users\oluwasegun\node project\angular2template\node_modules\component-inherit\package.json
61 verbose installManyTop reading scoped package data from C:\Users\oluwasegun\node project\angular2template\node_modules\concat-map\package.json
62 verbose installManyTop reading scoped package data from C:\Users\oluwasegun\node project\angular2template\node_modules\concurrently\package.json
63 verbose installManyTop reading scoped package data from C:\Users\oluwasegun\node project\angular2template\node_modules\connect\package.json
64 verbose installManyTop reading scoped package data from C:\Users\oluwasegun\node project\angular2template\node_modules\connect-history-api-fallback\package.json
65 verbose installManyTop reading scoped package data from C:\Users\oluwasegun\node project\angular2template\node_modules\connect-logger\package.json
66 verbose installManyTop reading scoped package data from C:\Users\oluwasegun\node project\angular2template\node_modules\core-js\package.json
67 verbose installManyTop reading scoped package data from C:\Users\oluwasegun\node project\angular2template\node_modules\core-util-is\package.json
68 verbose installManyTop reading scoped package data from C:\Users\oluwasegun\node project\angular2template\node_modules\cryptiles\package.json
69 verbose installManyTop reading scoped package data from C:\Users\oluwasegun\node project\angular2template\node_modules\ctype\package.json
70 verbose installManyTop reading scoped package data from C:\Users\oluwasegun\node project\angular2template\node_modules\debug\package.json
71 verbose installManyTop reading scoped package data from C:\Users\oluwasegun\node project\angular2template\node_modules\decamelize\package.json
72 verbose installManyTop reading scoped package data from C:\Users\oluwasegun\node project\angular2template\node_modules\delayed-stream\package.json
73 verbose installManyTop reading scoped package data from C:\Users\oluwasegun\node project\angular2template\node_modules\depd\package.json
74 verbose installManyTop reading scoped package data from C:\Users\oluwasegun\node project\angular2template\node_modules\destroy\package.json
75 verbose installManyTop reading scoped package data from C:\Users\oluwasegun\node project\angular2template\node_modules\dev-ip\package.json
76 verbose installManyTop reading scoped package data from C:\Users\oluwasegun\node project\angular2template\node_modules\easy-extender\package.json
77 verbose installManyTop reading scoped package data from C:\Users\oluwasegun\node project\angular2template\node_modules\eazy-logger\package.json
78 verbose installManyTop reading scoped package data from C:\Users\oluwasegun\node project\angular2template\node_modules\ee-first\package.json
79 verbose installManyTop reading scoped package data from C:\Users\oluwasegun\node project\angular2template\node_modules\emitter-steward\package.json
80 verbose installManyTop reading scoped package data from C:\Users\oluwasegun\node project\angular2template\node_modules\encodeurl\package.json
81 verbose installManyTop reading scoped package data from C:\Users\oluwasegun\node project\angular2template\node_modules\engine.io\package.json
82 verbose installManyTop reading scoped package data from C:\Users\oluwasegun\node project\angular2template\node_modules\engine.io-client\package.json
83 verbose installManyTop reading scoped package data from C:\Users\oluwasegun\node project\angular2template\node_modules\engine.io-parser\package.json
84 verbose installManyTop reading scoped package data from C:\Users\oluwasegun\node project\angular2template\node_modules\error-ex\package.json
85 verbose installManyTop reading scoped package data from C:\Users\oluwasegun\node project\angular2template\node_modules\escape-html\package.json
86 verbose installManyTop reading scoped package data from C:\Users\oluwasegun\node project\angular2template\node_modules\escape-string-regexp\package.json
87 verbose installManyTop reading scoped package data from C:\Users\oluwasegun\node project\angular2template\node_modules\etag\package.json
88 verbose installManyTop reading scoped package data from C:\Users\oluwasegun\node project\angular2template\node_modules\eventemitter3\package.json
89 verbose installManyTop reading scoped package data from C:\Users\oluwasegun\node project\angular2template\node_modules\expand-brackets\package.json
90 verbose installManyTop reading scoped package data from C:\Users\oluwasegun\node project\angular2template\node_modules\expand-range\package.json
91 verbose installManyTop reading scoped package data from C:\Users\oluwasegun\node project\angular2template\node_modules\express\package.json
92 verbose installManyTop reading scoped package data from C:\Users\oluwasegun\node project\angular2template\node_modules\extend\package.json
93 verbose installManyTop reading scoped package data from C:\Users\oluwasegun\node project\angular2template\node_modules\extglob\package.json
94 verbose installManyTop reading scoped package data from C:\Users\oluwasegun\node project\angular2template\node_modules\filename-regex\package.json
95 verbose installManyTop reading scoped package data from C:\Users\oluwasegun\node project\angular2template\node_modules\fill-range\package.json
96 verbose installManyTop reading scoped package data from C:\Users\oluwasegun\node project\angular2template\node_modules\finalhandler\package.json
97 verbose installManyTop reading scoped package data from C:\Users\oluwasegun\node project\angular2template\node_modules\find-up\package.json
98 verbose installManyTop reading scoped package data from C:\Users\oluwasegun\node project\angular2template\node_modules\for-in\package.json
99 verbose installManyTop reading scoped package data from C:\Users\oluwasegun\node project\angular2template\node_modules\for-own\package.json
100 verbose installManyTop reading scoped package data from C:\Users\oluwasegun\node project\angular2template\node_modules\forever-agent\package.json
101 verbose installManyTop reading scoped package data from C:\Users\oluwasegun\node project\angular2template\node_modules\form-data\package.json
102 verbose installManyTop reading scoped package data from C:\Users\oluwasegun\node project\angular2template\node_modules\formidable\package.json
103 verbose installManyTop reading scoped package data from C:\Users\oluwasegun\node project\angular2template\node_modules\fresh\package.json
104 verbose installManyTop reading scoped package data from C:\Users\oluwasegun\node project\angular2template\node_modules\fs-extra\package.json
105 verbose installManyTop reading scoped package data from C:\Users\oluwasegun\node project\angular2template\node_modules\fs.realpath\package.json
106 verbose installManyTop reading scoped package data from C:\Users\oluwasegun\node project\angular2template\node_modules\generate-function\package.json
107 verbose installManyTop reading scoped package data from C:\Users\oluwasegun\node project\angular2template\node_modules\generate-object-property\package.json
108 verbose installManyTop reading scoped package data from C:\Users\oluwasegun\node project\angular2template\node_modules\get-caller-file\package.json
109 verbose installManyTop reading scoped package data from C:\Users\oluwasegun\node project\angular2template\node_modules\glob\package.json
110 verbose installManyTop reading scoped package data from C:\Users\oluwasegun\node project\angular2template\node_modules\glob-base\package.json
111 verbose installManyTop reading scoped package data from C:\Users\oluwasegun\node project\angular2template\node_modules\glob-parent\package.json
112 verbose installManyTop reading scoped package data from C:\Users\oluwasegun\node project\angular2template\node_modules\graceful-fs\package.json
113 verbose installManyTop reading scoped package data from C:\Users\oluwasegun\node project\angular2template\node_modules\graceful-readlink\package.json
114 verbose installManyTop reading scoped package data from C:\Users\oluwasegun\node project\angular2template\node_modules\har-validator\package.json
115 verbose installManyTop reading scoped package data from C:\Users\oluwasegun\node project\angular2template\node_modules\has-ansi\package.json
116 verbose installManyTop reading scoped package data from C:\Users\oluwasegun\node project\angular2template\node_modules\has-binary\package.json
117 verbose installManyTop reading scoped package data from C:\Users\oluwasegun\node project\angular2template\node_modules\has-cors\package.json
118 verbose installManyTop reading scoped package data from C:\Users\oluwasegun\node project\angular2template\node_modules\hawk\package.json
119 verbose installManyTop reading scoped package data from C:\Users\oluwasegun\node project\angular2template\node_modules\hoek\package.json
120 verbose installManyTop reading scoped package data from C:\Users\oluwasegun\node project\angular2template\node_modules\hosted-git-info\package.json
121 verbose installManyTop reading scoped package data from C:\Users\oluwasegun\node project\angular2template\node_modules\http-errors\package.json
122 verbose installManyTop reading scoped package data from C:\Users\oluwasegun\node project\angular2template\node_modules\http-proxy\package.json
123 verbose installManyTop reading scoped package data from C:\Users\oluwasegun\node project\angular2template\node_modules\http-signature\package.json
124 verbose installManyTop reading scoped package data from C:\Users\oluwasegun\node project\angular2template\node_modules\immutable\package.json
125 verbose installManyTop reading scoped package data from C:\Users\oluwasegun\node project\angular2template\node_modules\indexof\package.json
126 verbose installManyTop reading scoped package data from C:\Users\oluwasegun\node project\angular2template\node_modules\inflight\package.json
127 verbose installManyTop reading scoped package data from C:\Users\oluwasegun\node project\angular2template\node_modules\inherits\package.json
128 verbose installManyTop reading scoped package data from C:\Users\oluwasegun\node project\angular2template\node_modules\invert-kv\package.json
129 verbose installManyTop reading scoped package data from C:\Users\oluwasegun\node project\angular2template\node_modules\is-arrayish\package.json
130 verbose installManyTop reading scoped package data from C:\Users\oluwasegun\node project\angular2template\node_modules\is-binary-path\package.json
131 verbose installManyTop reading scoped package data from C:\Users\oluwasegun\node project\angular2template\node_modules\is-buffer\package.json
132 verbose installManyTop reading scoped package data from C:\Users\oluwasegun\node project\angular2template\node_modules\is-builtin-module\package.json
133 verbose installManyTop reading scoped package data from C:\Users\oluwasegun\node project\angular2template\node_modules\is-dotfile\package.json
134 verbose installManyTop reading scoped package data from C:\Users\oluwasegun\node project\angular2template\node_modules\is-equal-shallow\package.json
135 verbose installManyTop reading scoped package data from C:\Users\oluwasegun\node project\angular2template\node_modules\is-extendable\package.json
136 verbose installManyTop reading scoped package data from C:\Users\oluwasegun\node project\angular2template\node_modules\is-extglob\package.json
137 verbose installManyTop reading scoped package data from C:\Users\oluwasegun\node project\angular2template\node_modules\is-fullwidth-code-point\package.json
138 verbose installManyTop reading scoped package data from C:\Users\oluwasegun\node project\angular2template\node_modules\is-glob\package.json
139 verbose installManyTop reading scoped package data from C:\Users\oluwasegun\node project\angular2template\node_modules\is-my-json-valid\package.json
140 verbose installManyTop reading scoped package data from C:\Users\oluwasegun\node project\angular2template\node_modules\is-number\package.json
141 verbose installManyTop reading scoped package data from C:\Users\oluwasegun\node project\angular2template\node_modules\is-posix-bracket\package.json
142 verbose installManyTop reading scoped package data from C:\Users\oluwasegun\node project\angular2template\node_modules\is-primitive\package.json
143 verbose installManyTop reading scoped package data from C:\Users\oluwasegun\node project\angular2template\node_modules\is-property\package.json
144 verbose installManyTop reading scoped package data from C:\Users\oluwasegun\node project\angular2template\node_modules\is-utf8\package.json
145 verbose installManyTop reading scoped package data from C:\Users\oluwasegun\node project\angular2template\node_modules\isarray\package.json
146 verbose installManyTop reading scoped package data from C:\Users\oluwasegun\node project\angular2template\node_modules\isobject\package.json
147 verbose installManyTop reading scoped package data from C:\Users\oluwasegun\node project\angular2template\node_modules\isstream\package.json
148 verbose installManyTop reading scoped package data from C:\Users\oluwasegun\node project\angular2template\node_modules\json-stringify-safe\package.json
149 verbose installManyTop reading scoped package data from C:\Users\oluwasegun\node project\angular2template\node_modules\json3\package.json
150 verbose installManyTop reading scoped package data from C:\Users\oluwasegun\node project\angular2template\node_modules\jsonfile\package.json
151 verbose installManyTop reading scoped package data from C:\Users\oluwasegun\node project\angular2template\node_modules\jsonpointer\package.json
152 verbose installManyTop reading scoped package data from C:\Users\oluwasegun\node project\angular2template\node_modules\kind-of\package.json
153 verbose installManyTop reading scoped package data from C:\Users\oluwasegun\node project\angular2template\node_modules\klaw\package.json
154 verbose installManyTop reading scoped package data from C:\Users\oluwasegun\node project\angular2template\node_modules\lcid\package.json
155 verbose installManyTop reading scoped package data from C:\Users\oluwasegun\node project\angular2template\node_modules\limiter\package.json
156 verbose installManyTop reading scoped package data from C:\Users\oluwasegun\node project\angular2template\node_modules\lite-server\package.json
157 verbose installManyTop reading scoped package data from C:\Users\oluwasegun\node project\angular2template\node_modules\load-json-file\package.json
158 verbose installManyTop reading scoped package data from C:\Users\oluwasegun\node project\angular2template\node_modules\localtunnel\package.json
159 verbose installManyTop reading scoped package data from C:\Users\oluwasegun\node project\angular2template\node_modules\lodash\package.json
160 verbose installManyTop reading scoped package data from C:\Users\oluwasegun\node project\angular2template\node_modules\micromatch\package.json
161 verbose installManyTop reading scoped package data from C:\Users\oluwasegun\node project\angular2template\node_modules\mime\package.json
162 verbose installManyTop reading scoped package data from C:\Users\oluwasegun\node project\angular2template\node_modules\mime-db\package.json
163 verbose installManyTop reading scoped package data from C:\Users\oluwasegun\node project\angular2template\node_modules\mime-types\package.json
164 verbose installManyTop reading scoped package data from C:\Users\oluwasegun\node project\angular2template\node_modules\minimatch\package.json
165 verbose installManyTop reading scoped package data from C:\Users\oluwasegun\node project\angular2template\node_modules\minimist\package.json
166 verbose installManyTop reading scoped package data from C:\Users\oluwasegun\node project\angular2template\node_modules\mkdirp\package.json
167 verbose installManyTop reading scoped package data from C:\Users\oluwasegun\node project\angular2template\node_modules\moment\package.json
168 verbose installManyTop reading scoped package data from C:\Users\oluwasegun\node project\angular2template\node_modules\ms\package.json
169 verbose installManyTop reading scoped package data from C:\Users\oluwasegun\node project\angular2template\node_modules\negotiator\package.json
170 verbose installManyTop reading scoped package data from C:\Users\oluwasegun\node project\angular2template\node_modules\node-uuid\package.json
171 verbose installManyTop reading scoped package data from C:\Users\oluwasegun\node project\angular2template\node_modules\nopt\package.json
172 verbose installManyTop reading scoped package data from C:\Users\oluwasegun\node project\angular2template\node_modules\normalize-package-data\package.json
173 verbose installManyTop reading scoped package data from C:\Users\oluwasegun\node project\angular2template\node_modules\normalize-path\package.json
174 verbose installManyTop reading scoped package data from C:\Users\oluwasegun\node project\angular2template\node_modules\number-is-nan\package.json
175 verbose installManyTop reading scoped package data from C:\Users\oluwasegun\node project\angular2template\node_modules\oauth-sign\package.json
176 verbose installManyTop reading scoped package data from C:\Users\oluwasegun\node project\angular2template\node_modules\object-assign\package.json
177 verbose installManyTop reading scoped package data from C:\Users\oluwasegun\node project\angular2template\node_modules\object-component\package.json
178 verbose installManyTop reading scoped package data from C:\Users\oluwasegun\node project\angular2template\node_modules\object-path\package.json
179 verbose installManyTop reading scoped package data from C:\Users\oluwasegun\node project\angular2template\node_modules\object.omit\package.json
180 verbose installManyTop reading scoped package data from C:\Users\oluwasegun\node project\angular2template\node_modules\on-finished\package.json
181 verbose installManyTop reading scoped package data from C:\Users\oluwasegun\node project\angular2template\node_modules\once\package.json
182 verbose installManyTop reading scoped package data from C:\Users\oluwasegun\node project\angular2template\node_modules\openurl\package.json
183 verbose installManyTop reading scoped package data from C:\Users\oluwasegun\node project\angular2template\node_modules\opn\package.json
184 verbose installManyTop reading scoped package data from C:\Users\oluwasegun\node project\angular2template\node_modules\options\package.json
185 verbose installManyTop reading scoped package data from C:\Users\oluwasegun\node project\angular2template\node_modules\os-locale\package.json
186 verbose installManyTop reading scoped package data from C:\Users\oluwasegun\node project\angular2template\node_modules\parse-glob\package.json
187 verbose installManyTop reading scoped package data from C:\Users\oluwasegun\node project\angular2template\node_modules\parse-json\package.json
188 verbose installManyTop reading scoped package data from C:\Users\oluwasegun\node project\angular2template\node_modules\parsejson\package.json
189 verbose installManyTop reading scoped package data from C:\Users\oluwasegun\node project\angular2template\node_modules\parseqs\package.json
190 verbose installManyTop reading scoped package data from C:\Users\oluwasegun\node project\angular2template\node_modules\parseuri\package.json
191 verbose installManyTop reading scoped package data from C:\Users\oluwasegun\node project\angular2template\node_modules\parseurl\package.json
192 verbose installManyTop reading scoped package data from C:\Users\oluwasegun\node project\angular2template\node_modules\path-exists\package.json
193 verbose installManyTop reading scoped package data from C:\Users\oluwasegun\node project\angular2template\node_modules\path-is-absolute\package.json
194 verbose installManyTop reading scoped package data from C:\Users\oluwasegun\node project\angular2template\node_modules\path-type\package.json
195 verbose installManyTop reading scoped package data from C:\Users\oluwasegun\node project\angular2template\node_modules\pify\package.json
196 verbose installManyTop reading scoped package data from C:\Users\oluwasegun\node project\angular2template\node_modules\pinkie\package.json
197 verbose installManyTop reading scoped package data from C:\Users\oluwasegun\node project\angular2template\node_modules\pinkie-promise\package.json
198 verbose installManyTop reading scoped package data from C:\Users\oluwasegun\node project\angular2template\node_modules\portscanner\package.json
199 verbose installManyTop reading scoped package data from C:\Users\oluwasegun\node project\angular2template\node_modules\preserve\package.json
200 verbose installManyTop reading scoped package data from C:\Users\oluwasegun\node project\angular2template\node_modules\process-nextick-args\package.json
201 verbose installManyTop reading scoped package data from C:\Users\oluwasegun\node project\angular2template\node_modules\qs\package.json
202 verbose installManyTop reading scoped package data from C:\Users\oluwasegun\node project\angular2template\node_modules\randomatic\package.json
203 verbose installManyTop reading scoped package data from C:\Users\oluwasegun\node project\angular2template\node_modules\range-parser\package.json
204 verbose installManyTop reading scoped package data from C:\Users\oluwasegun\node project\angular2template\node_modules\read-pkg\package.json
205 verbose installManyTop reading scoped package data from C:\Users\oluwasegun\node project\angular2template\node_modules\read-pkg-up\package.json
206 verbose installManyTop reading scoped package data from C:\Users\oluwasegun\node project\angular2template\node_modules\readable-stream\package.json
207 verbose installManyTop reading scoped package data from C:\Users\oluwasegun\node project\angular2template\node_modules\readdirp\package.json
208 verbose installManyTop reading scoped package data from C:\Users\oluwasegun\node project\angular2template\node_modules\reflect-metadata\package.json
209 verbose installManyTop reading scoped package data from C:\Users\oluwasegun\node project\angular2template\node_modules\regex-cache\package.json
210 verbose installManyTop reading scoped package data from C:\Users\oluwasegun\node project\angular2template\node_modules\repeat-element\package.json
211 verbose installManyTop reading scoped package data from C:\Users\oluwasegun\node project\angular2template\node_modules\repeat-string\package.json
212 verbose installManyTop reading scoped package data from C:\Users\oluwasegun\node project\angular2template\node_modules\request\package.json
213 verbose installManyTop reading scoped package data from C:\Users\oluwasegun\node project\angular2template\node_modules\require-directory\package.json
214 verbose installManyTop reading scoped package data from C:\Users\oluwasegun\node project\angular2template\node_modules\require-main-filename\package.json
215 verbose installManyTop reading scoped package data from C:\Users\oluwasegun\node project\angular2template\node_modules\requires-port\package.json
216 verbose installManyTop reading scoped package data from C:\Users\oluwasegun\node project\angular2template\node_modules\resp-modifier\package.json
217 verbose installManyTop reading scoped package data from C:\Users\oluwasegun\node project\angular2template\node_modules\rimraf\package.json
218 verbose installManyTop reading scoped package data from C:\Users\oluwasegun\node project\angular2template\node_modules\rx\package.json
219 verbose installManyTop reading scoped package data from C:\Users\oluwasegun\node project\angular2template\node_modules\rxjs\package.json
220 verbose installManyTop reading scoped package data from C:\Users\oluwasegun\node project\angular2template\node_modules\semver\package.json
221 verbose installManyTop reading scoped package data from C:\Users\oluwasegun\node project\angular2template\node_modules\send\package.json
222 verbose installManyTop reading scoped package data from C:\Users\oluwasegun\node project\angular2template\node_modules\serve-index\package.json
223 verbose installManyTop reading scoped package data from C:\Users\oluwasegun\node project\angular2template\node_modules\serve-static\package.json
224 verbose installManyTop reading scoped package data from C:\Users\oluwasegun\node project\angular2template\node_modules\server-destroy\package.json
225 verbose installManyTop reading scoped package data from C:\Users\oluwasegun\node project\angular2template\node_modules\set-blocking\package.json
226 verbose installManyTop reading scoped package data from C:\Users\oluwasegun\node project\angular2template\node_modules\set-immediate-shim\package.json
227 verbose installManyTop reading scoped package data from C:\Users\oluwasegun\node project\angular2template\node_modules\setprototypeof\package.json
228 verbose installManyTop reading scoped package data from C:\Users\oluwasegun\node project\angular2template\node_modules\sntp\package.json
229 verbose installManyTop reading scoped package data from C:\Users\oluwasegun\node project\angular2template\node_modules\socket.io\package.json
230 verbose installManyTop reading scoped package data from C:\Users\oluwasegun\node project\angular2template\node_modules\socket.io-adapter\package.json
231 verbose installManyTop reading scoped package data from C:\Users\oluwasegun\node project\angular2template\node_modules\socket.io-client\package.json
232 verbose installManyTop reading scoped package data from C:\Users\oluwasegun\node project\angular2template\node_modules\socket.io-parser\package.json
233 verbose installManyTop reading scoped package data from C:\Users\oluwasegun\node project\angular2template\node_modules\spawn-default-shell\package.json
234 verbose installManyTop reading scoped package data from C:\Users\oluwasegun\node project\angular2template\node_modules\spdx-correct\package.json
235 verbose installManyTop reading scoped package data from C:\Users\oluwasegun\node project\angular2template\node_modules\spdx-expression-parse\package.json
236 verbose installManyTop reading scoped package data from C:\Users\oluwasegun\node project\angular2template\node_modules\spdx-license-ids\package.json
237 verbose installManyTop reading scoped package data from C:\Users\oluwasegun\node project\angular2template\node_modules\statuses\package.json
238 verbose installManyTop reading scoped package data from C:\Users\oluwasegun\node project\angular2template\node_modules\stream-throttle\package.json
239 verbose installManyTop reading scoped package data from C:\Users\oluwasegun\node project\angular2template\node_modules\string-width\package.json
240 verbose installManyTop reading scoped package data from C:\Users\oluwasegun\node project\angular2template\node_modules\string_decoder\package.json
241 verbose installManyTop reading scoped package data from C:\Users\oluwasegun\node project\angular2template\node_modules\stringstream\package.json
242 verbose installManyTop reading scoped package data from C:\Users\oluwasegun\node project\angular2template\node_modules\strip-ansi\package.json
243 verbose installManyTop reading scoped package data from C:\Users\oluwasegun\node project\angular2template\node_modules\strip-bom\package.json
244 verbose installManyTop reading scoped package data from C:\Users\oluwasegun\node project\angular2template\node_modules\supports-color\package.json
245 verbose installManyTop reading scoped package data from C:\Users\oluwasegun\node project\angular2template\node_modules\symbol-observable\package.json
246 verbose installManyTop reading scoped package data from C:\Users\oluwasegun\node project\angular2template\node_modules\systemjs\package.json
247 verbose installManyTop reading scoped package data from C:\Users\oluwasegun\node project\angular2template\node_modules\tfunk\package.json
248 verbose installManyTop reading scoped package data from C:\Users\oluwasegun\node project\angular2template\node_modules\to-array\package.json
249 verbose installManyTop reading scoped package data from C:\Users\oluwasegun\node project\angular2template\node_modules\tough-cookie\package.json
250 verbose installManyTop reading scoped package data from C:\Users\oluwasegun\node project\angular2template\node_modules\tree-kill\package.json
251 verbose installManyTop reading scoped package data from C:\Users\oluwasegun\node project\angular2template\node_modules\tunnel-agent\package.json
252 verbose installManyTop reading scoped package data from C:\Users\oluwasegun\node project\angular2template\node_modules\typescript\package.json
253 verbose installManyTop reading scoped package data from C:\Users\oluwasegun\node project\angular2template\node_modules\ua-parser-js\package.json
254 verbose installManyTop reading scoped package data from C:\Users\oluwasegun\node project\angular2template\node_modules\ultron\package.json
255 verbose installManyTop reading scoped package data from C:\Users\oluwasegun\node project\angular2template\node_modules\underscore\package.json
256 verbose installManyTop reading scoped package data from C:\Users\oluwasegun\node project\angular2template\node_modules\unpipe\package.json
257 verbose installManyTop reading scoped package data from C:\Users\oluwasegun\node project\angular2template\node_modules\util-deprecate\package.json
258 verbose installManyTop reading scoped package data from C:\Users\oluwasegun\node project\angular2template\node_modules\utils-merge\package.json
259 verbose installManyTop reading scoped package data from C:\Users\oluwasegun\node project\angular2template\node_modules\validate-npm-package-license\package.json
260 verbose installManyTop reading scoped package data from C:\Users\oluwasegun\node project\angular2template\node_modules\weinre\package.json
261 verbose installManyTop reading scoped package data from C:\Users\oluwasegun\node project\angular2template\node_modules\when\package.json
262 verbose installManyTop reading scoped package data from C:\Users\oluwasegun\node project\angular2template\node_modules\which-module\package.json
263 verbose installManyTop reading scoped package data from C:\Users\oluwasegun\node project\angular2template\node_modules\window-size\package.json
264 verbose installManyTop reading scoped package data from C:\Users\oluwasegun\node project\angular2template\node_modules\wrap-ansi\package.json
265 verbose installManyTop reading scoped package data from C:\Users\oluwasegun\node project\angular2template\node_modules\wrappy\package.json
266 verbose installManyTop reading scoped package data from C:\Users\oluwasegun\node project\angular2template\node_modules\ws\package.json
267 verbose installManyTop reading scoped package data from C:\Users\oluwasegun\node project\angular2template\node_modules\wtf-8\package.json
268 verbose installManyTop reading scoped package data from C:\Users\oluwasegun\node project\angular2template\node_modules\xmlhttprequest-ssl\package.json
269 verbose installManyTop reading scoped package data from C:\Users\oluwasegun\node project\angular2template\node_modules\xtend\package.json
270 verbose installManyTop reading scoped package data from C:\Users\oluwasegun\node project\angular2template\node_modules\y18n\package.json
271 verbose installManyTop reading scoped package data from C:\Users\oluwasegun\node project\angular2template\node_modules\yargs\package.json
272 verbose installManyTop reading scoped package data from C:\Users\oluwasegun\node project\angular2template\node_modules\yargs-parser\package.json
273 verbose installManyTop reading scoped package data from C:\Users\oluwasegun\node project\angular2template\node_modules\yeast\package.json
274 verbose installManyTop reading scoped package data from C:\Users\oluwasegun\node project\angular2template\node_modules\zone.js\package.json
275 verbose installManyTop reading scoped package data from C:\Users\oluwasegun\node project\angular2template\node_modules\@types\core-js\package.json
276 verbose installManyTop reading scoped package data from C:\Users\oluwasegun\node project\angular2template\node_modules\@types\node\package.json
277 verbose installManyTop reading scoped package data from C:\Users\oluwasegun\node project\angular2template\node_modules\@angular\common\package.json
278 verbose installManyTop reading scoped package data from C:\Users\oluwasegun\node project\angular2template\node_modules\@angular\compiler\package.json
279 verbose installManyTop reading scoped package data from C:\Users\oluwasegun\node project\angular2template\node_modules\@angular\core\package.json
280 verbose installManyTop reading scoped package data from C:\Users\oluwasegun\node project\angular2template\node_modules\@angular\forms\package.json
281 verbose installManyTop reading scoped package data from C:\Users\oluwasegun\node project\angular2template\node_modules\@angular\http\package.json
282 verbose installManyTop reading scoped package data from C:\Users\oluwasegun\node project\angular2template\node_modules\@angular\platform-browser\package.json
283 verbose installManyTop reading scoped package data from C:\Users\oluwasegun\node project\angular2template\node_modules\@angular\platform-browser-dynamic\package.json
284 verbose installManyTop reading scoped package data from C:\Users\oluwasegun\node project\angular2template\node_modules\@angular\router\package.json
285 verbose installManyTop reading scoped package data from C:\Users\oluwasegun\node project\angular2template\node_modules\@angular\upgrade\package.json
286 info package.json angular-in-memory-web-api@0.1.13 No license field.
287 info package.json array-unique@0.2.1 license should be a valid SPDX license expression
288 info package.json arr-flatten@1.0.1 license should be a valid SPDX license expression
289 info package.json asn1@0.1.11 No license field.
290 info package.json arraybuffer.slice@0.0.6 No license field.
291 info package.json assert-plus@0.1.5 No license field.
292 info package.json base64-arraybuffer@0.1.5 No license field.
293 info package.json base64id@0.1.0 No license field.
294 info package.json after@0.8.1 No license field.
295 info package.json benchmark@1.0.0 No license field.
296 info package.json batch@0.5.3 No license field.
297 info package.json better-assert@1.0.2 No license field.
298 info package.json blob@0.0.4 No license field.
299 info package.json browser-sync-client@2.4.3 No license field.
300 info package.json callsite@1.0.0 No repository field.
301 info package.json callsite@1.0.0 No license field.
302 info package.json component-bind@1.0.0 No license field.
303 info package.json component-inherit@0.0.3 No license field.
304 info package.json component-emitter@1.1.2 No license field.
305 info package.json ctype@0.5.3 No license field.
306 info package.json easy-extender@2.3.2 No license field.
307 info package.json dev-ip@1.0.1 No license field.
308 info package.json eazy-logger@3.0.2 No license field.
309 info package.json express@2.5.11 No license field.
310 info package.json filename-regex@2.0.0 license should be a valid SPDX license expression
311 info package.json formidable@1.0.17 No license field.
312 info package.json glob-base@0.3.0 license should be a valid SPDX license expression
313 info package.json indexof@0.0.1 No repository field.
314 info package.json indexof@0.0.1 No license field.
315 info package.json has-binary@0.1.7 No repository field.
316 info package.json is-primitive@2.0.0 license should be a valid SPDX license expression
317 info package.json json3@3.2.6 No license field.
318 info package.json limiter@1.1.0 No license field.
319 info package.json mkdirp@0.3.0 license should be a valid SPDX license expression
320 info package.json mime@1.2.4 No license field.
321 info package.json ms@0.7.1 No license field.
322 info package.json node-uuid@1.4.7 No license field.
323 info package.json object-component@0.0.3 No repository field.
324 info package.json object-component@0.0.3 No license field.
325 info package.json options@0.0.6 No license field.
326 info package.json parsejson@0.0.1 No repository field.
327 info package.json parseqs@0.0.2 No repository field.
328 info package.json portscanner@1.0.0 No license field.
329 info package.json preserve@0.2.0 license should be a valid SPDX license expression
330 info package.json repeat-element@1.1.2 license should be a valid SPDX license expression
331 info package.json resp-modifier@6.0.2 No license field.
332 info package.json rx@2.3.24 No license field.
333 info package.json sntp@1.0.9 No license field.
334 info package.json string_decoder@0.10.31 string_decoder is also the name of a node core module.
335 info package.json to-array@0.1.4 No license field.
336 info package.json ua-parser-js@0.7.10 No license field.
337 info package.json underscore@1.7.0 No license field.
338 info package.json utils-merge@1.0.0 No license field.
339 info package.json weinre@2.0.0-pre-I0Z7U9OV No license field.
340 info package.json xmlhttprequest-ssl@1.5.1 No license field.
341 verbose readDependencies loading dependencies from C:\Users\oluwasegun\node project\angular2template\package.json
342 verbose install moment is installed as 2.15.2
343 silly cache add args [ 'moment', null ]
344 verbose cache add spec moment
345 silly cache add parsed spec Result {
345 silly cache add   raw: 'moment',
345 silly cache add   scope: null,
345 silly cache add   name: 'moment',
345 silly cache add   rawSpec: '',
345 silly cache add   spec: 'latest',
345 silly cache add   type: 'tag' }
346 silly addNamed moment@latest
347 verbose addNamed "latest" is being treated as a dist-tag for moment
348 info addNameTag [ 'moment', 'latest' ]
349 silly mapToRegistry name moment
350 silly mapToRegistry using default registry
351 silly mapToRegistry registry http://registry.npmjs.org/
352 silly mapToRegistry data Result {
352 silly mapToRegistry   raw: 'moment',
352 silly mapToRegistry   scope: null,
352 silly mapToRegistry   name: 'moment',
352 silly mapToRegistry   rawSpec: '',
352 silly mapToRegistry   spec: 'latest',
352 silly mapToRegistry   type: 'tag' }
353 silly mapToRegistry uri http://registry.npmjs.org/moment
354 verbose addNameTag registry:http://registry.npmjs.org/moment not in flight; fetching
355 verbose request uri http://registry.npmjs.org/moment
356 verbose request no auth needed
357 info attempt registry request try #1 at 2:32:38 PM
358 verbose request id dfcc9d50553722bb
359 verbose etag "CCE027VFU050U6ZT0YW2NIKEW"
360 http request GET http://registry.npmjs.org/moment
361 http 200 http://registry.npmjs.org/moment
362 verbose headers { server: 'CouchDB/1.6.1 (Erlang OTP/R16B03)',
362 verbose headers   etag: '"AO1N95QBLBZUW1X6V9QQXKGWL"',
362 verbose headers   'content-type': 'application/json',
362 verbose headers   'content-encoding': 'gzip',
362 verbose headers   'cache-control': 'max-age=300',
362 verbose headers   'content-length': '13605',
362 verbose headers   'accept-ranges': 'bytes',
362 verbose headers   date: 'Wed, 09 Nov 2016 13:32:40 GMT',
362 verbose headers   via: '1.1 varnish',
362 verbose headers   age: '108',
362 verbose headers   connection: 'keep-alive',
362 verbose headers   'x-served-by': 'cache-lhr6323-LHR',
362 verbose headers   'x-cache': 'HIT',
362 verbose headers   'x-cache-hits': '7',
362 verbose headers   'x-timer': 'S1478698360.772365,VS0,VE0',
362 verbose headers   vary: 'Accept-Encoding' }
363 silly get cb [ 200,
363 silly get   { server: 'CouchDB/1.6.1 (Erlang OTP/R16B03)',
363 silly get     etag: '"AO1N95QBLBZUW1X6V9QQXKGWL"',
363 silly get     'content-type': 'application/json',
363 silly get     'content-encoding': 'gzip',
363 silly get     'cache-control': 'max-age=300',
363 silly get     'content-length': '13605',
363 silly get     'accept-ranges': 'bytes',
363 silly get     date: 'Wed, 09 Nov 2016 13:32:40 GMT',
363 silly get     via: '1.1 varnish',
363 silly get     age: '108',
363 silly get     connection: 'keep-alive',
363 silly get     'x-served-by': 'cache-lhr6323-LHR',
363 silly get     'x-cache': 'HIT',
363 silly get     'x-cache-hits': '7',
363 silly get     'x-timer': 'S1478698360.772365,VS0,VE0',
363 silly get     vary: 'Accept-Encoding' } ]
364 verbose get saving moment to C:\Users\oluwasegun\AppData\Roaming\npm-cache\registry.npmjs.org\moment\.cache.json
365 verbose correctMkdir C:\Users\oluwasegun\AppData\Roaming\npm-cache correctMkdir not in flight; initializing
366 silly addNameTag next cb for moment with tag latest
367 silly addNamed moment@2.15.2
368 verbose addNamed "2.15.2" is a plain semver version for moment
369 silly cache afterAdd moment@2.15.2
370 verbose afterAdd C:\Users\oluwasegun\AppData\Roaming\npm-cache\moment\2.15.2\package\package.json not in flight; writing
371 verbose correctMkdir C:\Users\oluwasegun\AppData\Roaming\npm-cache correctMkdir not in flight; initializing
372 verbose afterAdd C:\Users\oluwasegun\AppData\Roaming\npm-cache\moment\2.15.2\package\package.json written
373 silly install resolved [ { name: 'moment',
373 silly install resolved     version: '2.15.2',
373 silly install resolved     description: 'Parse, validate, manipulate, and display dates',
373 silly install resolved     homepage: 'http://momentjs.com',
373 silly install resolved     author:
373 silly install resolved      { name: 'Iskren Ivov Chernev',
373 silly install resolved        email: 'iskren.chernev@gmail.com',
373 silly install resolved        url: 'https://github.com/ichernev' },
373 silly install resolved     contributors: [ [Object], [Object], [Object], [Object], [Object] ],
373 silly install resolved     keywords:
373 silly install resolved      [ 'moment',
373 silly install resolved        'date',
373 silly install resolved        'time',
373 silly install resolved        'parse',
373 silly install resolved        'format',
373 silly install resolved        'validate',
373 silly install resolved        'i18n',
373 silly install resolved        'l10n',
373 silly install resolved        'ender' ],
373 silly install resolved     main: './moment.js',
373 silly install resolved     'jsnext:main': './src/moment.js',
373 silly install resolved     typings: './moment.d.ts',
373 silly install resolved     engines: { node: '*' },
373 silly install resolved     repository: { type: 'git', url: 'git+https://github.com/moment/moment.git' },
373 silly install resolved     bugs: { url: 'https://github.com/moment/moment/issues' },
373 silly install resolved     license: 'MIT',
373 silly install resolved     devDependencies:
373 silly install resolved      { 'uglify-js': 'latest',
373 silly install resolved        'es6-promise': 'latest',
373 silly install resolved        grunt: '~0.4',
373 silly install resolved        'grunt-cli': 'latest',
373 silly install resolved        benchmark: 'latest',
373 silly install resolved        esperanto: 'latest',
373 silly install resolved        'grunt-contrib-clean': 'latest',
373 silly install resolved        'grunt-contrib-concat': 'latest',
373 silly install resolved        'grunt-contrib-copy': 'latest',
373 silly install resolved        'grunt-contrib-jshint': 'latest',
373 silly install resolved        'grunt-contrib-uglify': 'latest',
373 silly install resolved        'grunt-contrib-watch': 'latest',
373 silly install resolved        'grunt-env': 'latest',
373 silly install resolved        'grunt-jscs': 'latest',
373 silly install resolved        'grunt-karma': 'latest',
373 silly install resolved        'grunt-nuget': 'latest',
373 silly install resolved        'grunt-benchmark': 'latest',
373 silly install resolved        'grunt-string-replace': 'latest',
373 silly install resolved        'grunt-exec': 'latest',
373 silly install resolved        'load-grunt-tasks': 'latest',
373 silly install resolved        karma: 'latest',
373 silly install resolved        'karma-chrome-launcher': 'latest',
373 silly install resolved        'karma-firefox-launcher': 'latest',
373 silly install resolved        'karma-qunit': 'latest',
373 silly install resolved        'karma-sauce-launcher': 'latest',
373 silly install resolved        qunit: '^0.7.5',
373 silly install resolved        'qunit-cli': '^0.1.4',
373 silly install resolved        spacejam: 'latest',
373 silly install resolved        typescript: '^1.8.10',
373 silly install resolved        coveralls: '^2.11.2',
373 silly install resolved        nyc: '^2.1.4' },
373 silly install resolved     ender: './ender.js',
373 silly install resolved     dojoBuild: 'package.js',
373 silly install resolved     jspm: { files: [Object], map: [Object], buildConfig: [Object] },
373 silly install resolved     scripts:
373 silly install resolved      { test: 'grunt test',
373 silly install resolved        coverage: 'nyc npm test && nyc report',
373 silly install resolved        coveralls: 'nyc npm test && nyc report --reporter=text-lcov | coveralls' },
373 silly install resolved     spm: { main: 'moment.js', output: [Object] },
373 silly install resolved     _id: 'moment@2.15.2',
373 silly install resolved     _shasum: '1bfdedf6a6e345f322fe956d5df5bd08a8ce84dc',
373 silly install resolved     _from: 'moment@latest',
373 silly install resolved     _npmVersion: '3.10.3',
373 silly install resolved     _nodeVersion: '6.7.0',
373 silly install resolved     _npmUser: { name: 'ichernev', email: 'iskren.chernev@gmail.com' },
373 silly install resolved     dist:
373 silly install resolved      { shasum: '1bfdedf6a6e345f322fe956d5df5bd08a8ce84dc',
373 silly install resolved        tarball: 'https://registry.npmjs.org/moment/-/moment-2.15.2.tgz' },
373 silly install resolved     maintainers: [ [Object], [Object], [Object], [Object] ],
373 silly install resolved     _npmOperationalInternal:
373 silly install resolved      { host: 'packages-12-west.internal.npmjs.com',
373 silly install resolved        tmp: 'tmp/moment-2.15.2.tgz_1477291781479_0.8402724489569664' },
373 silly install resolved     directories: {},
373 silly install resolved     _resolved: 'http://registry.npmjs.org/moment/-/moment-2.15.2.tgz',
373 silly install resolved     readme: 'ERROR: No README data found!' } ]
374 info install moment@2.15.2 into C:\Users\oluwasegun\node project\angular2template
375 info installOne moment@2.15.2
376 verbose installOne of moment to C:\Users\oluwasegun\node project\angular2template not in flight; installing
377 verbose correctMkdir C:\Users\oluwasegun\AppData\Roaming\npm-cache\_locks correctMkdir not in flight; initializing
378 verbose lock using C:\Users\oluwasegun\AppData\Roaming\npm-cache\_locks\moment-cc1a5f15bbae9d45.lock for C:\Users\oluwasegun\node project\angular2template\node_modules\moment
379 silly install write writing moment 2.15.2 to C:\Users\oluwasegun\node project\angular2template\node_modules\moment
380 verbose unbuild node_modules\moment
381 info preuninstall moment@2.15.2
382 info uninstall moment@2.15.2
383 verbose unbuild rmStuff moment@2.15.2 from C:\Users\oluwasegun\node project\angular2template\node_modules
384 info postuninstall moment@2.15.2
385 silly gentlyRm C:\Users\oluwasegun\node project\angular2template\node_modules\moment is being purged from base C:\Users\oluwasegun\node project\angular2template
386 verbose gentlyRm don't care about contents; nuking C:\Users\oluwasegun\node project\angular2template\node_modules\moment
387 silly vacuum-fs purging C:\Users\oluwasegun\node project\angular2template\node_modules\moment
388 silly vacuum-fs quitting because other entries in C:\Users\oluwasegun\node project\angular2template\node_modules
389 verbose tar unpack C:\Users\oluwasegun\AppData\Roaming\npm-cache\moment\2.15.2\package.tgz
390 verbose tar unpacking to C:\Users\oluwasegun\node project\angular2template\node_modules\moment
391 silly gentlyRm C:\Users\oluwasegun\node project\angular2template\node_modules\moment is being purged
392 verbose gentlyRm don't care about contents; nuking C:\Users\oluwasegun\node project\angular2template\node_modules\moment
393 silly gunzTarPerm modes [ '777', '666' ]
394 silly gunzTarPerm extractEntry package.json
395 silly gunzTarPerm modified mode [ 'package.json', 420, 438 ]
396 silly gunzTarPerm extractEntry README.md
397 silly gunzTarPerm modified mode [ 'README.md', 420, 438 ]
398 silly gunzTarPerm extractEntry LICENSE
399 silly gunzTarPerm modified mode [ 'LICENSE', 420, 438 ]
400 silly gunzTarPerm extractEntry ender.js
401 silly gunzTarPerm modified mode [ 'ender.js', 420, 438 ]
402 silly gunzTarPerm extractEntry moment.js
403 silly gunzTarPerm modified mode [ 'moment.js', 420, 438 ]
404 silly gunzTarPerm extractEntry package.js
405 silly gunzTarPerm modified mode [ 'package.js', 420, 438 ]
406 silly gunzTarPerm extractEntry min/locales.js
407 silly gunzTarPerm modified mode [ 'min/locales.js', 420, 438 ]
408 silly gunzTarPerm extractEntry min/locales.min.js
409 silly gunzTarPerm modified mode [ 'min/locales.min.js', 420, 438 ]
410 silly gunzTarPerm extractEntry min/moment-with-locales.js
411 silly gunzTarPerm modified mode [ 'min/moment-with-locales.js', 420, 438 ]
412 silly gunzTarPerm extractEntry min/moment-with-locales.min.js
413 silly gunzTarPerm modified mode [ 'min/moment-with-locales.min.js', 420, 438 ]
414 silly gunzTarPerm extractEntry min/moment.min.js
415 silly gunzTarPerm modified mode [ 'min/moment.min.js', 420, 438 ]
416 silly gunzTarPerm extractEntry locale/af.js
417 silly gunzTarPerm modified mode [ 'locale/af.js', 420, 438 ]
418 silly gunzTarPerm extractEntry locale/it.js
419 silly gunzTarPerm modified mode [ 'locale/it.js', 420, 438 ]
420 silly gunzTarPerm extractEntry locale/ja.js
421 silly gunzTarPerm modified mode [ 'locale/ja.js', 420, 438 ]
422 silly gunzTarPerm extractEntry locale/jv.js
423 silly gunzTarPerm modified mode [ 'locale/jv.js', 420, 438 ]
424 silly gunzTarPerm extractEntry locale/ka.js
425 silly gunzTarPerm modified mode [ 'locale/ka.js', 420, 438 ]
426 silly gunzTarPerm extractEntry locale/is.js
427 silly gunzTarPerm modified mode [ 'locale/is.js', 420, 438 ]
428 silly gunzTarPerm extractEntry locale/km.js
429 silly gunzTarPerm modified mode [ 'locale/km.js', 420, 438 ]
430 silly gunzTarPerm extractEntry locale/ko.js
431 silly gunzTarPerm modified mode [ 'locale/ko.js', 420, 438 ]
432 silly gunzTarPerm extractEntry locale/ky.js
433 silly gunzTarPerm modified mode [ 'locale/ky.js', 420, 438 ]
434 silly gunzTarPerm extractEntry locale/lb.js
435 silly gunzTarPerm modified mode [ 'locale/lb.js', 420, 438 ]
436 silly gunzTarPerm extractEntry locale/lo.js
437 silly gunzTarPerm modified mode [ 'locale/lo.js', 420, 438 ]
438 silly gunzTarPerm extractEntry locale/id.js
439 silly gunzTarPerm modified mode [ 'locale/id.js', 420, 438 ]
440 silly gunzTarPerm extractEntry locale/lt.js
441 silly gunzTarPerm modified mode [ 'locale/lt.js', 420, 438 ]
442 silly gunzTarPerm extractEntry locale/hy-am.js
443 silly gunzTarPerm modified mode [ 'locale/hy-am.js', 420, 438 ]
444 silly gunzTarPerm extractEntry locale/lv.js
445 silly gunzTarPerm modified mode [ 'locale/lv.js', 420, 438 ]
446 silly gunzTarPerm extractEntry locale/hu.js
447 silly gunzTarPerm modified mode [ 'locale/hu.js', 420, 438 ]
448 silly gunzTarPerm extractEntry locale/me.js
449 silly gunzTarPerm modified mode [ 'locale/me.js', 420, 438 ]
450 silly gunzTarPerm extractEntry locale/hr.js
451 silly gunzTarPerm modified mode [ 'locale/hr.js', 420, 438 ]
452 silly gunzTarPerm extractEntry locale/mi.js
453 silly gunzTarPerm modified mode [ 'locale/mi.js', 420, 438 ]
454 silly gunzTarPerm extractEntry locale/hi.js
455 silly gunzTarPerm modified mode [ 'locale/hi.js', 420, 438 ]
456 silly gunzTarPerm extractEntry locale/mk.js
457 silly gunzTarPerm modified mode [ 'locale/mk.js', 420, 438 ]
458 silly gunzTarPerm extractEntry locale/he.js
459 silly gunzTarPerm modified mode [ 'locale/he.js', 420, 438 ]
460 silly gunzTarPerm extractEntry locale/ml.js
461 silly gunzTarPerm modified mode [ 'locale/ml.js', 420, 438 ]
462 silly gunzTarPerm extractEntry locale/gl.js
463 silly gunzTarPerm modified mode [ 'locale/gl.js', 420, 438 ]
464 silly gunzTarPerm extractEntry locale/mr.js
465 silly gunzTarPerm modified mode [ 'locale/mr.js', 420, 438 ]
466 silly gunzTarPerm extractEntry locale/gd.js
467 silly gunzTarPerm modified mode [ 'locale/gd.js', 420, 438 ]
468 silly gunzTarPerm extractEntry locale/ms-my.js
469 silly gunzTarPerm modified mode [ 'locale/ms-my.js', 420, 438 ]
470 silly gunzTarPerm extractEntry locale/fy.js
471 silly gunzTarPerm modified mode [ 'locale/fy.js', 420, 438 ]
472 silly gunzTarPerm extractEntry locale/ms.js
473 silly gunzTarPerm modified mode [ 'locale/ms.js', 420, 438 ]
474 silly gunzTarPerm extractEntry locale/fr.js
475 silly gunzTarPerm modified mode [ 'locale/fr.js', 420, 438 ]
476 silly gunzTarPerm extractEntry locale/my.js
477 silly gunzTarPerm modified mode [ 'locale/my.js', 420, 438 ]
478 silly gunzTarPerm extractEntry locale/fr-ch.js
479 silly gunzTarPerm modified mode [ 'locale/fr-ch.js', 420, 438 ]
480 silly gunzTarPerm extractEntry locale/nb.js
481 silly gunzTarPerm modified mode [ 'locale/nb.js', 420, 438 ]
482 silly gunzTarPerm extractEntry locale/fr-ca.js
483 silly gunzTarPerm modified mode [ 'locale/fr-ca.js', 420, 438 ]
484 silly gunzTarPerm extractEntry locale/ne.js
485 silly gunzTarPerm modified mode [ 'locale/ne.js', 420, 438 ]
486 silly gunzTarPerm extractEntry locale/fo.js
487 silly gunzTarPerm modified mode [ 'locale/fo.js', 420, 438 ]
488 silly gunzTarPerm extractEntry locale/nl.js
489 silly gunzTarPerm modified mode [ 'locale/nl.js', 420, 438 ]
490 silly gunzTarPerm extractEntry locale/fi.js
491 silly gunzTarPerm modified mode [ 'locale/fi.js', 420, 438 ]
492 silly gunzTarPerm extractEntry locale/nn.js
493 silly gunzTarPerm modified mode [ 'locale/nn.js', 420, 438 ]
494 silly gunzTarPerm extractEntry locale/fa.js
495 silly gunzTarPerm modified mode [ 'locale/fa.js', 420, 438 ]
496 silly gunzTarPerm extractEntry locale/pa-in.js
497 silly gunzTarPerm modified mode [ 'locale/pa-in.js', 420, 438 ]
498 silly gunzTarPerm extractEntry locale/eu.js
499 silly gunzTarPerm modified mode [ 'locale/eu.js', 420, 438 ]
500 silly gunzTarPerm extractEntry locale/pl.js
501 silly gunzTarPerm modified mode [ 'locale/pl.js', 420, 438 ]
502 silly gunzTarPerm extractEntry locale/et.js
503 silly gunzTarPerm modified mode [ 'locale/et.js', 420, 438 ]
504 silly gunzTarPerm extractEntry locale/pt-br.js
505 silly gunzTarPerm modified mode [ 'locale/pt-br.js', 420, 438 ]
506 silly gunzTarPerm extractEntry locale/es.js
507 silly gunzTarPerm modified mode [ 'locale/es.js', 420, 438 ]
508 silly gunzTarPerm extractEntry locale/pt.js
509 silly gunzTarPerm modified mode [ 'locale/pt.js', 420, 438 ]
510 silly gunzTarPerm extractEntry locale/es-do.js
511 silly gunzTarPerm modified mode [ 'locale/es-do.js', 420, 438 ]
512 silly gunzTarPerm extractEntry locale/ro.js
513 silly gunzTarPerm modified mode [ 'locale/ro.js', 420, 438 ]
514 silly gunzTarPerm extractEntry locale/eo.js
515 silly gunzTarPerm modified mode [ 'locale/eo.js', 420, 438 ]
516 silly gunzTarPerm extractEntry locale/ru.js
517 silly gunzTarPerm modified mode [ 'locale/ru.js', 420, 438 ]
518 silly gunzTarPerm extractEntry locale/en-nz.js
519 silly gunzTarPerm modified mode [ 'locale/en-nz.js', 420, 438 ]
520 silly gunzTarPerm extractEntry locale/se.js
521 silly gunzTarPerm modified mode [ 'locale/se.js', 420, 438 ]
522 silly gunzTarPerm extractEntry locale/en-ie.js
523 silly gunzTarPerm modified mode [ 'locale/en-ie.js', 420, 438 ]
524 silly gunzTarPerm extractEntry locale/si.js
525 silly gunzTarPerm modified mode [ 'locale/si.js', 420, 438 ]
526 silly gunzTarPerm extractEntry locale/en-gb.js
527 silly gunzTarPerm modified mode [ 'locale/en-gb.js', 420, 438 ]
528 silly gunzTarPerm extractEntry locale/sk.js
529 silly gunzTarPerm modified mode [ 'locale/sk.js', 420, 438 ]
530 silly gunzTarPerm extractEntry locale/en-ca.js
531 silly gunzTarPerm modified mode [ 'locale/en-ca.js', 420, 438 ]
532 silly gunzTarPerm extractEntry locale/sl.js
533 silly gunzTarPerm modified mode [ 'locale/sl.js', 420, 438 ]
534 silly gunzTarPerm extractEntry locale/en-au.js
535 silly gunzTarPerm modified mode [ 'locale/en-au.js', 420, 438 ]
536 silly gunzTarPerm extractEntry locale/sq.js
537 silly gunzTarPerm modified mode [ 'locale/sq.js', 420, 438 ]
538 silly gunzTarPerm extractEntry locale/el.js
539 silly gunzTarPerm modified mode [ 'locale/el.js', 420, 438 ]
540 silly gunzTarPerm extractEntry locale/sr-cyrl.js
541 silly gunzTarPerm modified mode [ 'locale/sr-cyrl.js', 420, 438 ]
542 silly gunzTarPerm extractEntry locale/dv.js
543 silly gunzTarPerm modified mode [ 'locale/dv.js', 420, 438 ]
544 silly gunzTarPerm extractEntry locale/sr.js
545 silly gunzTarPerm modified mode [ 'locale/sr.js', 420, 438 ]
546 silly gunzTarPerm extractEntry locale/de.js
547 silly gunzTarPerm modified mode [ 'locale/de.js', 420, 438 ]
548 silly gunzTarPerm extractEntry locale/ss.js
549 silly gunzTarPerm modified mode [ 'locale/ss.js', 420, 438 ]
550 silly gunzTarPerm extractEntry locale/de-at.js
551 silly gunzTarPerm modified mode [ 'locale/de-at.js', 420, 438 ]
552 silly gunzTarPerm extractEntry locale/sv.js
553 silly gunzTarPerm modified mode [ 'locale/sv.js', 420, 438 ]
554 silly gunzTarPerm extractEntry locale/da.js
555 silly gunzTarPerm modified mode [ 'locale/da.js', 420, 438 ]
556 silly gunzTarPerm extractEntry locale/sw.js
557 silly gunzTarPerm modified mode [ 'locale/sw.js', 420, 438 ]
558 silly gunzTarPerm extractEntry locale/cy.js
559 silly gunzTarPerm modified mode [ 'locale/cy.js', 420, 438 ]
560 silly gunzTarPerm extractEntry locale/ta.js
561 silly gunzTarPerm modified mode [ 'locale/ta.js', 420, 438 ]
562 silly gunzTarPerm extractEntry locale/cv.js
563 silly gunzTarPerm modified mode [ 'locale/cv.js', 420, 438 ]
564 silly gunzTarPerm extractEntry locale/te.js
565 silly gunzTarPerm modified mode [ 'locale/te.js', 420, 438 ]
566 silly gunzTarPerm extractEntry locale/cs.js
567 silly gunzTarPerm modified mode [ 'locale/cs.js', 420, 438 ]
568 silly gunzTarPerm extractEntry locale/th.js
569 silly gunzTarPerm modified mode [ 'locale/th.js', 420, 438 ]
570 silly gunzTarPerm extractEntry locale/ca.js
571 silly gunzTarPerm modified mode [ 'locale/ca.js', 420, 438 ]
572 silly gunzTarPerm extractEntry locale/tl-ph.js
573 silly gunzTarPerm modified mode [ 'locale/tl-ph.js', 420, 438 ]
574 silly gunzTarPerm extractEntry locale/bs.js
575 silly gunzTarPerm modified mode [ 'locale/bs.js', 420, 438 ]
576 silly gunzTarPerm extractEntry locale/tlh.js
577 silly gunzTarPerm modified mode [ 'locale/tlh.js', 420, 438 ]
578 silly gunzTarPerm extractEntry locale/br.js
579 silly gunzTarPerm modified mode [ 'locale/br.js', 420, 438 ]
580 silly gunzTarPerm extractEntry locale/tr.js
581 silly gunzTarPerm modified mode [ 'locale/tr.js', 420, 438 ]
582 silly gunzTarPerm extractEntry locale/bo.js
583 silly gunzTarPerm modified mode [ 'locale/bo.js', 420, 438 ]
584 silly gunzTarPerm extractEntry locale/tzl.js
585 silly gunzTarPerm modified mode [ 'locale/tzl.js', 420, 438 ]
586 silly gunzTarPerm extractEntry locale/bn.js
587 silly gunzTarPerm modified mode [ 'locale/bn.js', 420, 438 ]
588 silly gunzTarPerm extractEntry locale/tzm-latn.js
589 silly gunzTarPerm modified mode [ 'locale/tzm-latn.js', 420, 438 ]
590 silly gunzTarPerm extractEntry locale/bg.js
591 silly gunzTarPerm modified mode [ 'locale/bg.js', 420, 438 ]
592 silly gunzTarPerm extractEntry locale/tzm.js
593 silly gunzTarPerm modified mode [ 'locale/tzm.js', 420, 438 ]
594 silly gunzTarPerm extractEntry locale/be.js
595 silly gunzTarPerm modified mode [ 'locale/be.js', 420, 438 ]
596 silly gunzTarPerm extractEntry locale/uk.js
597 silly gunzTarPerm modified mode [ 'locale/uk.js', 420, 438 ]
598 silly gunzTarPerm extractEntry locale/az.js
599 silly gunzTarPerm modified mode [ 'locale/az.js', 420, 438 ]
600 silly gunzTarPerm extractEntry locale/uz.js
601 silly gunzTarPerm modified mode [ 'locale/uz.js', 420, 438 ]
602 silly gunzTarPerm extractEntry locale/ar.js
603 silly gunzTarPerm modified mode [ 'locale/ar.js', 420, 438 ]
604 silly gunzTarPerm extractEntry locale/vi.js
605 silly gunzTarPerm modified mode [ 'locale/vi.js', 420, 438 ]
606 silly gunzTarPerm extractEntry locale/ar-tn.js
607 silly gunzTarPerm modified mode [ 'locale/ar-tn.js', 420, 438 ]
608 silly gunzTarPerm extractEntry locale/x-pseudo.js
609 silly gunzTarPerm modified mode [ 'locale/x-pseudo.js', 420, 438 ]
610 silly gunzTarPerm extractEntry locale/ar-sa.js
611 silly gunzTarPerm modified mode [ 'locale/ar-sa.js', 420, 438 ]
612 silly gunzTarPerm extractEntry locale/zh-cn.js
613 silly gunzTarPerm modified mode [ 'locale/zh-cn.js', 420, 438 ]
614 silly gunzTarPerm extractEntry locale/ar-ma.js
615 silly gunzTarPerm modified mode [ 'locale/ar-ma.js', 420, 438 ]
616 silly gunzTarPerm extractEntry locale/zh-hk.js
617 silly gunzTarPerm modified mode [ 'locale/zh-hk.js', 420, 438 ]
618 silly gunzTarPerm extractEntry locale/ar-ly.js
619 silly gunzTarPerm modified mode [ 'locale/ar-ly.js', 420, 438 ]
620 silly gunzTarPerm extractEntry locale/zh-tw.js
621 silly gunzTarPerm modified mode [ 'locale/zh-tw.js', 420, 438 ]
622 silly gunzTarPerm extractEntry locale/kk.js
623 silly gunzTarPerm modified mode [ 'locale/kk.js', 420, 438 ]
624 silly gunzTarPerm extractEntry CHANGELOG.md
625 silly gunzTarPerm modified mode [ 'CHANGELOG.md', 420, 438 ]
626 silly gunzTarPerm extractEntry moment.d.ts
627 silly gunzTarPerm modified mode [ 'moment.d.ts', 420, 438 ]
628 silly gunzTarPerm extractEntry src/moment.js
629 silly gunzTarPerm modified mode [ 'src/moment.js', 420, 438 ]
630 silly gunzTarPerm extractEntry src/lib/create/check-overflow.js
631 silly gunzTarPerm modified mode [ 'src/lib/create/check-overflow.js', 420, 438 ]
632 silly gunzTarPerm extractEntry src/lib/create/from-anything.js
633 silly gunzTarPerm modified mode [ 'src/lib/create/from-anything.js', 420, 438 ]
634 silly gunzTarPerm extractEntry src/lib/create/from-array.js
635 silly gunzTarPerm modified mode [ 'src/lib/create/from-array.js', 420, 438 ]
636 silly gunzTarPerm extractEntry src/lib/create/from-object.js
637 silly gunzTarPerm modified mode [ 'src/lib/create/from-object.js', 420, 438 ]
638 silly gunzTarPerm extractEntry src/lib/create/from-string-and-array.js
639 silly gunzTarPerm modified mode [ 'src/lib/create/from-string-and-array.js', 420, 438 ]
640 silly gunzTarPerm extractEntry src/lib/create/date-from-array.js
641 silly gunzTarPerm modified mode [ 'src/lib/create/date-from-array.js', 420, 438 ]
642 silly gunzTarPerm extractEntry src/lib/create/from-string.js
643 silly gunzTarPerm modified mode [ 'src/lib/create/from-string.js', 420, 438 ]
644 silly gunzTarPerm extractEntry src/lib/create/local.js
645 silly gunzTarPerm modified mode [ 'src/lib/create/local.js', 420, 438 ]
646 silly gunzTarPerm extractEntry src/lib/create/parsing-flags.js
647 silly gunzTarPerm modified mode [ 'src/lib/create/parsing-flags.js', 420, 438 ]
648 silly gunzTarPerm extractEntry src/lib/create/utc.js
649 silly gunzTarPerm modified mode [ 'src/lib/create/utc.js', 420, 438 ]
650 silly gunzTarPerm extractEntry src/lib/create/valid.js
651 silly gunzTarPerm modified mode [ 'src/lib/create/valid.js', 420, 438 ]
652 silly gunzTarPerm extractEntry src/lib/create/from-string-and-format.js
653 silly gunzTarPerm modified mode [ 'src/lib/create/from-string-and-format.js', 420, 438 ]
654 silly gunzTarPerm extractEntry src/lib/duration/abs.js
655 silly gunzTarPerm modified mode [ 'src/lib/duration/abs.js', 420, 438 ]
656 silly gunzTarPerm extractEntry src/lib/duration/as.js
657 silly gunzTarPerm modified mode [ 'src/lib/duration/as.js', 420, 438 ]
658 silly gunzTarPerm extractEntry src/lib/duration/bubble.js
659 silly gunzTarPerm modified mode [ 'src/lib/duration/bubble.js', 420, 438 ]
660 silly gunzTarPerm extractEntry src/lib/duration/constructor.js
661 silly gunzTarPerm modified mode [ 'src/lib/duration/constructor.js', 420, 438 ]
662 silly gunzTarPerm extractEntry src/lib/duration/add-subtract.js
663 silly gunzTarPerm modified mode [ 'src/lib/duration/add-subtract.js', 420, 438 ]
664 silly gunzTarPerm extractEntry src/lib/duration/duration.js
665 silly gunzTarPerm modified mode [ 'src/lib/duration/duration.js', 420, 438 ]
666 silly gunzTarPerm extractEntry src/lib/duration/get.js
667 silly gunzTarPerm modified mode [ 'src/lib/duration/get.js', 420, 438 ]
668 silly gunzTarPerm extractEntry src/lib/duration/humanize.js
669 silly gunzTarPerm modified mode [ 'src/lib/duration/humanize.js', 420, 438 ]
670 silly gunzTarPerm extractEntry src/lib/duration/iso-string.js
671 silly gunzTarPerm modified mode [ 'src/lib/duration/iso-string.js', 420, 438 ]
672 silly gunzTarPerm extractEntry src/lib/duration/prototype.js
673 silly gunzTarPerm modified mode [ 'src/lib/duration/prototype.js', 420, 438 ]
674 silly gunzTarPerm extractEntry src/lib/duration/create.js
675 silly gunzTarPerm modified mode [ 'src/lib/duration/create.js', 420, 438 ]
676 silly gunzTarPerm extractEntry src/lib/format/format.js
677 silly gunzTarPerm modified mode [ 'src/lib/format/format.js', 420, 438 ]
678 silly gunzTarPerm extractEntry src/lib/locale/base-config.js
679 silly gunzTarPerm modified mode [ 'src/lib/locale/base-config.js', 420, 438 ]
680 silly gunzTarPerm extractEntry src/lib/locale/en.js
681 silly gunzTarPerm modified mode [ 'src/lib/locale/en.js', 420, 438 ]
682 silly gunzTarPerm extractEntry src/lib/locale/formats.js
683 silly gunzTarPerm modified mode [ 'src/lib/locale/formats.js', 420, 438 ]
684 silly gunzTarPerm extractEntry src/lib/locale/invalid.js
685 silly gunzTarPerm modified mode [ 'src/lib/locale/invalid.js', 420, 438 ]
686 silly gunzTarPerm extractEntry src/lib/locale/lists.js
687 silly gunzTarPerm modified mode [ 'src/lib/locale/lists.js', 420, 438 ]
688 silly gunzTarPerm extractEntry src/lib/locale/constructor.js
689 silly gunzTarPerm modified mode [ 'src/lib/locale/constructor.js', 420, 438 ]
690 silly gunzTarPerm extractEntry src/lib/locale/locales.js
691 silly gunzTarPerm modified mode [ 'src/lib/locale/locales.js', 420, 438 ]
692 silly gunzTarPerm extractEntry src/lib/locale/ordinal.js
693 silly gunzTarPerm modified mode [ 'src/lib/locale/ordinal.js', 420, 438 ]
694 silly gunzTarPerm extractEntry src/lib/locale/pre-post-format.js
695 silly gunzTarPerm modified mode [ 'src/lib/locale/pre-post-format.js', 420, 438 ]
696 silly gunzTarPerm extractEntry src/lib/locale/prototype.js
697 silly gunzTarPerm modified mode [ 'src/lib/locale/prototype.js', 420, 438 ]
698 silly gunzTarPerm extractEntry src/lib/locale/relative.js
699 silly gunzTarPerm modified mode [ 'src/lib/locale/relative.js', 420, 438 ]
700 silly gunzTarPerm extractEntry src/lib/locale/calendar.js
701 silly gunzTarPerm modified mode [ 'src/lib/locale/calendar.js', 420, 438 ]
702 silly gunzTarPerm extractEntry src/lib/locale/set.js
703 silly gunzTarPerm modified mode [ 'src/lib/locale/set.js', 420, 438 ]
704 silly gunzTarPerm extractEntry src/lib/locale/locale.js
705 silly gunzTarPerm modified mode [ 'src/lib/locale/locale.js', 420, 438 ]
706 silly gunzTarPerm extractEntry src/lib/moment/add-subtract.js
707 silly gunzTarPerm modified mode [ 'src/lib/moment/add-subtract.js', 420, 438 ]
708 silly gunzTarPerm extractEntry src/lib/moment/diff.js
709 silly gunzTarPerm modified mode [ 'src/lib/moment/diff.js', 420, 438 ]
710 silly gunzTarPerm extractEntry src/lib/moment/format.js
711 silly gunzTarPerm modified mode [ 'src/lib/moment/format.js', 420, 438 ]
712 silly gunzTarPerm extractEntry src/lib/moment/from.js
713 silly gunzTarPerm modified mode [ 'src/lib/moment/from.js', 420, 438 ]
714 silly gunzTarPerm extractEntry src/lib/moment/creation-data.js
715 silly gunzTarPerm modified mode [ 'src/lib/moment/creation-data.js', 420, 438 ]
716 silly gunzTarPerm extractEntry src/lib/moment/locale.js
717 silly gunzTarPerm modified mode [ 'src/lib/moment/locale.js', 420, 438 ]
718 silly gunzTarPerm extractEntry src/lib/moment/min-max.js
719 silly gunzTarPerm modified mode [ 'src/lib/moment/min-max.js', 420, 438 ]
720 silly gunzTarPerm extractEntry src/lib/moment/moment.js
721 silly gunzTarPerm modified mode [ 'src/lib/moment/moment.js', 420, 438 ]
722 silly gunzTarPerm extractEntry src/lib/moment/now.js
723 silly gunzTarPerm modified mode [ 'src/lib/moment/now.js', 420, 438 ]
724 silly gunzTarPerm extractEntry src/lib/moment/prototype.js
725 silly gunzTarPerm modified mode [ 'src/lib/moment/prototype.js', 420, 438 ]
726 silly gunzTarPerm extractEntry src/lib/moment/constructor.js
727 silly gunzTarPerm modified mode [ 'src/lib/moment/constructor.js', 420, 438 ]
728 silly gunzTarPerm extractEntry src/lib/moment/start-end-of.js
729 silly gunzTarPerm modified mode [ 'src/lib/moment/start-end-of.js', 420, 438 ]
730 silly gunzTarPerm extractEntry src/lib/moment/compare.js
731 silly gunzTarPerm modified mode [ 'src/lib/moment/compare.js', 420, 438 ]
732 silly gunzTarPerm extractEntry src/lib/moment/to-type.js
733 silly gunzTarPerm modified mode [ 'src/lib/moment/to-type.js', 420, 438 ]
734 silly gunzTarPerm extractEntry src/lib/moment/clone.js
735 silly gunzTarPerm modified mode [ 'src/lib/moment/clone.js', 420, 438 ]
736 silly gunzTarPerm extractEntry src/lib/moment/to.js
737 silly gunzTarPerm modified mode [ 'src/lib/moment/to.js', 420, 438 ]
738 silly gunzTarPerm extractEntry src/lib/moment/calendar.js
739 silly gunzTarPerm modified mode [ 'src/lib/moment/calendar.js', 420, 438 ]
740 silly gunzTarPerm extractEntry src/lib/moment/valid.js
741 silly gunzTarPerm modified mode [ 'src/lib/moment/valid.js', 420, 438 ]
742 silly gunzTarPerm extractEntry src/lib/moment/get-set.js
743 silly gunzTarPerm modified mode [ 'src/lib/moment/get-set.js', 420, 438 ]
744 silly gunzTarPerm extractEntry src/lib/parse/regex.js
745 silly gunzTarPerm modified mode [ 'src/lib/parse/regex.js', 420, 438 ]
746 silly gunzTarPerm extractEntry src/lib/parse/token.js
747 silly gunzTarPerm modified mode [ 'src/lib/parse/token.js', 420, 438 ]
748 silly gunzTarPerm extractEntry src/lib/units/aliases.js
749 silly gunzTarPerm modified mode [ 'src/lib/units/aliases.js', 420, 438 ]
750 silly gunzTarPerm extractEntry src/lib/units/millisecond.js
751 silly gunzTarPerm modified mode [ 'src/lib/units/millisecond.js', 420, 438 ]
752 silly gunzTarPerm extractEntry src/lib/units/minute.js
753 silly gunzTarPerm modified mode [ 'src/lib/units/minute.js', 420, 438 ]
754 silly gunzTarPerm extractEntry src/lib/units/month.js
755 silly gunzTarPerm modified mode [ 'src/lib/units/month.js', 420, 438 ]
756 silly gunzTarPerm extractEntry src/lib/units/offset.js
757 silly gunzTarPerm modified mode [ 'src/lib/units/offset.js', 420, 438 ]
758 silly gunzTarPerm extractEntry src/lib/units/hour.js
759 silly gunzTarPerm modified mode [ 'src/lib/units/hour.js', 420, 438 ]
760 silly gunzTarPerm extractEntry src/lib/units/quarter.js
761 silly gunzTarPerm modified mode [ 'src/lib/units/quarter.js', 420, 438 ]
762 silly gunzTarPerm extractEntry src/lib/units/second.js
763 silly gunzTarPerm modified mode [ 'src/lib/units/second.js', 420, 438 ]
764 silly gunzTarPerm extractEntry src/lib/units/timestamp.js
765 silly gunzTarPerm modified mode [ 'src/lib/units/timestamp.js', 420, 438 ]
766 silly gunzTarPerm extractEntry src/lib/units/timezone.js
767 silly gunzTarPerm modified mode [ 'src/lib/units/timezone.js', 420, 438 ]
768 silly gunzTarPerm extractEntry src/lib/units/units.js
769 silly gunzTarPerm modified mode [ 'src/lib/units/units.js', 420, 438 ]
770 silly gunzTarPerm extractEntry src/lib/units/day-of-year.js
771 silly gunzTarPerm modified mode [ 'src/lib/units/day-of-year.js', 420, 438 ]
772 silly gunzTarPerm extractEntry src/lib/units/week-calendar-utils.js
773 silly gunzTarPerm modified mode [ 'src/lib/units/week-calendar-utils.js', 420, 438 ]
774 silly gunzTarPerm extractEntry src/lib/units/day-of-week.js
775 silly gunzTarPerm modified mode [ 'src/lib/units/day-of-week.js', 420, 438 ]
776 silly gunzTarPerm extractEntry src/lib/units/week-year.js
777 silly gunzTarPerm modified mode [ 'src/lib/units/week-year.js', 420, 438 ]
778 silly gunzTarPerm extractEntry src/lib/units/day-of-month.js
779 silly gunzTarPerm modified mode [ 'src/lib/units/day-of-month.js', 420, 438 ]
780 silly gunzTarPerm extractEntry src/lib/units/week.js
781 silly gunzTarPerm modified mode [ 'src/lib/units/week.js', 420, 438 ]
782 silly gunzTarPerm extractEntry src/lib/units/constants.js
783 silly gunzTarPerm modified mode [ 'src/lib/units/constants.js', 420, 438 ]
784 silly gunzTarPerm extractEntry src/lib/units/year.js
785 silly gunzTarPerm modified mode [ 'src/lib/units/year.js', 420, 438 ]
786 silly gunzTarPerm extractEntry src/lib/units/priorities.js
787 silly gunzTarPerm modified mode [ 'src/lib/units/priorities.js', 420, 438 ]
788 silly gunzTarPerm extractEntry src/lib/utils/abs-ceil.js
789 silly gunzTarPerm modified mode [ 'src/lib/utils/abs-ceil.js', 420, 438 ]
790 silly gunzTarPerm extractEntry src/lib/utils/has-own-prop.js
791 silly gunzTarPerm modified mode [ 'src/lib/utils/has-own-prop.js', 420, 438 ]
792 silly gunzTarPerm extractEntry src/lib/utils/hooks.js
793 silly gunzTarPerm modified mode [ 'src/lib/utils/hooks.js', 420, 438 ]
794 silly gunzTarPerm extractEntry src/lib/utils/index-of.js
795 silly gunzTarPerm modified mode [ 'src/lib/utils/index-of.js', 420, 438 ]
796 silly gunzTarPerm extractEntry src/lib/utils/extend.js
797 silly gunzTarPerm modified mode [ 'src/lib/utils/extend.js', 420, 438 ]
798 silly gunzTarPerm extractEntry src/lib/utils/is-date.js
799 silly gunzTarPerm modified mode [ 'src/lib/utils/is-date.js', 420, 438 ]
800 silly gunzTarPerm extractEntry src/lib/utils/is-function.js
801 silly gunzTarPerm modified mode [ 'src/lib/utils/is-function.js', 420, 438 ]
802 silly gunzTarPerm extractEntry src/lib/utils/is-object-empty.js
803 silly gunzTarPerm modified mode [ 'src/lib/utils/is-object-empty.js', 420, 438 ]
804 silly gunzTarPerm extractEntry src/lib/utils/is-object.js
805 silly gunzTarPerm modified mode [ 'src/lib/utils/is-object.js', 420, 438 ]
806 silly gunzTarPerm extractEntry src/lib/utils/is-undefined.js
807 silly gunzTarPerm modified mode [ 'src/lib/utils/is-undefined.js', 420, 438 ]
808 silly gunzTarPerm extractEntry src/lib/utils/deprecate.js
809 silly gunzTarPerm modified mode [ 'src/lib/utils/deprecate.js', 420, 438 ]
810 silly gunzTarPerm extractEntry src/lib/utils/keys.js
811 silly gunzTarPerm modified mode [ 'src/lib/utils/keys.js', 420, 438 ]
812 silly gunzTarPerm extractEntry src/lib/utils/defaults.js
813 silly gunzTarPerm modified mode [ 'src/lib/utils/defaults.js', 420, 438 ]
814 silly gunzTarPerm extractEntry src/lib/utils/map.js
815 silly gunzTarPerm modified mode [ 'src/lib/utils/map.js', 420, 438 ]
816 silly gunzTarPerm extractEntry src/lib/utils/compare-arrays.js
817 silly gunzTarPerm modified mode [ 'src/lib/utils/compare-arrays.js', 420, 438 ]
818 silly gunzTarPerm extractEntry src/lib/utils/some.js
819 silly gunzTarPerm modified mode [ 'src/lib/utils/some.js', 420, 438 ]
820 silly gunzTarPerm extractEntry src/lib/utils/abs-round.js
821 silly gunzTarPerm modified mode [ 'src/lib/utils/abs-round.js', 420, 438 ]
822 silly gunzTarPerm extractEntry src/lib/utils/to-int.js
823 silly gunzTarPerm modified mode [ 'src/lib/utils/to-int.js', 420, 438 ]
824 silly gunzTarPerm extractEntry src/lib/utils/abs-floor.js
825 silly gunzTarPerm modified mode [ 'src/lib/utils/abs-floor.js', 420, 438 ]
826 silly gunzTarPerm extractEntry src/lib/utils/zero-fill.js
827 silly gunzTarPerm modified mode [ 'src/lib/utils/zero-fill.js', 420, 438 ]
828 silly gunzTarPerm extractEntry src/lib/utils/is-array.js
829 silly gunzTarPerm modified mode [ 'src/lib/utils/is-array.js', 420, 438 ]
830 silly gunzTarPerm extractEntry src/locale/af.js
831 silly gunzTarPerm modified mode [ 'src/locale/af.js', 420, 438 ]
832 silly gunzTarPerm extractEntry src/locale/it.js
833 silly gunzTarPerm modified mode [ 'src/locale/it.js', 420, 438 ]
834 silly gunzTarPerm extractEntry src/locale/ja.js
835 silly gunzTarPerm modified mode [ 'src/locale/ja.js', 420, 438 ]
836 silly gunzTarPerm extractEntry src/locale/jv.js
837 silly gunzTarPerm modified mode [ 'src/locale/jv.js', 420, 438 ]
838 silly gunzTarPerm extractEntry src/locale/ka.js
839 silly gunzTarPerm modified mode [ 'src/locale/ka.js', 420, 438 ]
840 silly gunzTarPerm extractEntry src/locale/is.js
841 silly gunzTarPerm modified mode [ 'src/locale/is.js', 420, 438 ]
842 silly gunzTarPerm extractEntry src/locale/km.js
843 silly gunzTarPerm modified mode [ 'src/locale/km.js', 420, 438 ]
844 silly gunzTarPerm extractEntry src/locale/ko.js
845 silly gunzTarPerm modified mode [ 'src/locale/ko.js', 420, 438 ]
846 silly gunzTarPerm extractEntry src/locale/ky.js
847 silly gunzTarPerm modified mode [ 'src/locale/ky.js', 420, 438 ]
848 silly gunzTarPerm extractEntry src/locale/lb.js
849 silly gunzTarPerm modified mode [ 'src/locale/lb.js', 420, 438 ]
850 silly gunzTarPerm extractEntry src/locale/lo.js
851 silly gunzTarPerm modified mode [ 'src/locale/lo.js', 420, 438 ]
852 silly gunzTarPerm extractEntry src/locale/id.js
853 silly gunzTarPerm modified mode [ 'src/locale/id.js', 420, 438 ]
854 silly gunzTarPerm extractEntry src/locale/lt.js
855 silly gunzTarPerm modified mode [ 'src/locale/lt.js', 420, 438 ]
856 silly gunzTarPerm extractEntry src/locale/hy-am.js
857 silly gunzTarPerm modified mode [ 'src/locale/hy-am.js', 420, 438 ]
858 silly gunzTarPerm extractEntry src/locale/lv.js
859 silly gunzTarPerm modified mode [ 'src/locale/lv.js', 420, 438 ]
860 silly gunzTarPerm extractEntry src/locale/hu.js
861 silly gunzTarPerm modified mode [ 'src/locale/hu.js', 420, 438 ]
862 silly gunzTarPerm extractEntry src/locale/me.js
863 silly gunzTarPerm modified mode [ 'src/locale/me.js', 420, 438 ]
864 silly gunzTarPerm extractEntry src/locale/hr.js
865 silly gunzTarPerm modified mode [ 'src/locale/hr.js', 420, 438 ]
866 silly gunzTarPerm extractEntry src/locale/mi.js
867 silly gunzTarPerm modified mode [ 'src/locale/mi.js', 420, 438 ]
868 silly gunzTarPerm extractEntry src/locale/hi.js
869 silly gunzTarPerm modified mode [ 'src/locale/hi.js', 420, 438 ]
870 silly gunzTarPerm extractEntry src/locale/mk.js
871 silly gunzTarPerm modified mode [ 'src/locale/mk.js', 420, 438 ]
872 silly gunzTarPerm extractEntry src/locale/he.js
873 silly gunzTarPerm modified mode [ 'src/locale/he.js', 420, 438 ]
874 silly gunzTarPerm extractEntry src/locale/ml.js
875 silly gunzTarPerm modified mode [ 'src/locale/ml.js', 420, 438 ]
876 silly gunzTarPerm extractEntry src/locale/gl.js
877 silly gunzTarPerm modified mode [ 'src/locale/gl.js', 420, 438 ]
878 silly gunzTarPerm extractEntry src/locale/mr.js
879 silly gunzTarPerm modified mode [ 'src/locale/mr.js', 420, 438 ]
880 silly gunzTarPerm extractEntry src/locale/gd.js
881 silly gunzTarPerm modified mode [ 'src/locale/gd.js', 420, 438 ]
882 silly gunzTarPerm extractEntry src/locale/ms-my.js
883 silly gunzTarPerm modified mode [ 'src/locale/ms-my.js', 420, 438 ]
884 silly gunzTarPerm extractEntry src/locale/fy.js
885 silly gunzTarPerm modified mode [ 'src/locale/fy.js', 420, 438 ]
886 silly gunzTarPerm extractEntry src/locale/ms.js
887 silly gunzTarPerm modified mode [ 'src/locale/ms.js', 420, 438 ]
888 silly gunzTarPerm extractEntry src/locale/fr.js
889 silly gunzTarPerm modified mode [ 'src/locale/fr.js', 420, 438 ]
890 silly gunzTarPerm extractEntry src/locale/my.js
891 silly gunzTarPerm modified mode [ 'src/locale/my.js', 420, 438 ]
892 silly gunzTarPerm extractEntry src/locale/fr-ch.js
893 silly gunzTarPerm modified mode [ 'src/locale/fr-ch.js', 420, 438 ]
894 silly gunzTarPerm extractEntry src/locale/nb.js
895 silly gunzTarPerm modified mode [ 'src/locale/nb.js', 420, 438 ]
896 silly gunzTarPerm extractEntry src/locale/fr-ca.js
897 silly gunzTarPerm modified mode [ 'src/locale/fr-ca.js', 420, 438 ]
898 silly gunzTarPerm extractEntry src/locale/ne.js
899 silly gunzTarPerm modified mode [ 'src/locale/ne.js', 420, 438 ]
900 silly gunzTarPerm extractEntry src/locale/fo.js
901 silly gunzTarPerm modified mode [ 'src/locale/fo.js', 420, 438 ]
902 silly gunzTarPerm extractEntry src/locale/nl.js
903 silly gunzTarPerm modified mode [ 'src/locale/nl.js', 420, 438 ]
904 silly gunzTarPerm extractEntry src/locale/fi.js
905 silly gunzTarPerm modified mode [ 'src/locale/fi.js', 420, 438 ]
906 silly gunzTarPerm extractEntry src/locale/nn.js
907 silly gunzTarPerm modified mode [ 'src/locale/nn.js', 420, 438 ]
908 silly gunzTarPerm extractEntry src/locale/fa.js
909 silly gunzTarPerm modified mode [ 'src/locale/fa.js', 420, 438 ]
910 silly gunzTarPerm extractEntry src/locale/pa-in.js
911 silly gunzTarPerm modified mode [ 'src/locale/pa-in.js', 420, 438 ]
912 silly gunzTarPerm extractEntry src/locale/eu.js
913 silly gunzTarPerm modified mode [ 'src/locale/eu.js', 420, 438 ]
914 silly gunzTarPerm extractEntry src/locale/pl.js
915 silly gunzTarPerm modified mode [ 'src/locale/pl.js', 420, 438 ]
916 silly gunzTarPerm extractEntry src/locale/et.js
917 silly gunzTarPerm modified mode [ 'src/locale/et.js', 420, 438 ]
918 silly gunzTarPerm extractEntry src/locale/pt-br.js
919 silly gunzTarPerm modified mode [ 'src/locale/pt-br.js', 420, 438 ]
920 silly gunzTarPerm extractEntry src/locale/es.js
921 silly gunzTarPerm modified mode [ 'src/locale/es.js', 420, 438 ]
922 silly gunzTarPerm extractEntry src/locale/pt.js
923 silly gunzTarPerm modified mode [ 'src/locale/pt.js', 420, 438 ]
924 silly gunzTarPerm extractEntry src/locale/es-do.js
925 silly gunzTarPerm modified mode [ 'src/locale/es-do.js', 420, 438 ]
926 silly gunzTarPerm extractEntry src/locale/ro.js
927 silly gunzTarPerm modified mode [ 'src/locale/ro.js', 420, 438 ]
928 silly gunzTarPerm extractEntry src/locale/eo.js
929 silly gunzTarPerm modified mode [ 'src/locale/eo.js', 420, 438 ]
930 silly gunzTarPerm extractEntry src/locale/ru.js
931 silly gunzTarPerm modified mode [ 'src/locale/ru.js', 420, 438 ]
932 silly gunzTarPerm extractEntry src/locale/en-nz.js
933 silly gunzTarPerm modified mode [ 'src/locale/en-nz.js', 420, 438 ]
934 silly gunzTarPerm extractEntry src/locale/se.js
935 silly gunzTarPerm modified mode [ 'src/locale/se.js', 420, 438 ]
936 silly gunzTarPerm extractEntry src/locale/en-ie.js
937 silly gunzTarPerm modified mode [ 'src/locale/en-ie.js', 420, 438 ]
938 silly gunzTarPerm extractEntry src/locale/si.js
939 silly gunzTarPerm modified mode [ 'src/locale/si.js', 420, 438 ]
940 silly gunzTarPerm extractEntry src/locale/en-gb.js
941 silly gunzTarPerm modified mode [ 'src/locale/en-gb.js', 420, 438 ]
942 silly gunzTarPerm extractEntry src/locale/sk.js
943 silly gunzTarPerm modified mode [ 'src/locale/sk.js', 420, 438 ]
944 silly gunzTarPerm extractEntry src/locale/en-ca.js
945 silly gunzTarPerm modified mode [ 'src/locale/en-ca.js', 420, 438 ]
946 silly gunzTarPerm extractEntry src/locale/sl.js
947 silly gunzTarPerm modified mode [ 'src/locale/sl.js', 420, 438 ]
948 silly gunzTarPerm extractEntry src/locale/en-au.js
949 silly gunzTarPerm modified mode [ 'src/locale/en-au.js', 420, 438 ]
950 silly gunzTarPerm extractEntry src/locale/sq.js
951 silly gunzTarPerm modified mode [ 'src/locale/sq.js', 420, 438 ]
952 silly gunzTarPerm extractEntry src/locale/el.js
953 silly gunzTarPerm modified mode [ 'src/locale/el.js', 420, 438 ]
954 silly gunzTarPerm extractEntry src/locale/sr-cyrl.js
955 silly gunzTarPerm modified mode [ 'src/locale/sr-cyrl.js', 420, 438 ]
956 silly gunzTarPerm extractEntry src/locale/dv.js
957 silly gunzTarPerm modified mode [ 'src/locale/dv.js', 420, 438 ]
958 silly gunzTarPerm extractEntry src/locale/sr.js
959 silly gunzTarPerm modified mode [ 'src/locale/sr.js', 420, 438 ]
960 silly gunzTarPerm extractEntry src/locale/de.js
961 silly gunzTarPerm modified mode [ 'src/locale/de.js', 420, 438 ]
962 silly gunzTarPerm extractEntry src/locale/ss.js
963 silly gunzTarPerm modified mode [ 'src/locale/ss.js', 420, 438 ]
964 silly gunzTarPerm extractEntry src/locale/de-at.js
965 silly gunzTarPerm modified mode [ 'src/locale/de-at.js', 420, 438 ]
966 silly gunzTarPerm extractEntry src/locale/sv.js
967 silly gunzTarPerm modified mode [ 'src/locale/sv.js', 420, 438 ]
968 silly gunzTarPerm extractEntry src/locale/da.js
969 silly gunzTarPerm modified mode [ 'src/locale/da.js', 420, 438 ]
970 silly gunzTarPerm extractEntry src/locale/sw.js
971 silly gunzTarPerm modified mode [ 'src/locale/sw.js', 420, 438 ]
972 silly gunzTarPerm extractEntry src/locale/cy.js
973 silly gunzTarPerm modified mode [ 'src/locale/cy.js', 420, 438 ]
974 silly gunzTarPerm extractEntry src/locale/ta.js
975 silly gunzTarPerm modified mode [ 'src/locale/ta.js', 420, 438 ]
976 silly gunzTarPerm extractEntry src/locale/cv.js
977 silly gunzTarPerm modified mode [ 'src/locale/cv.js', 420, 438 ]
978 silly gunzTarPerm extractEntry src/locale/te.js
979 silly gunzTarPerm modified mode [ 'src/locale/te.js', 420, 438 ]
980 silly gunzTarPerm extractEntry src/locale/cs.js
981 silly gunzTarPerm modified mode [ 'src/locale/cs.js', 420, 438 ]
982 silly gunzTarPerm extractEntry src/locale/th.js
983 silly gunzTarPerm modified mode [ 'src/locale/th.js', 420, 438 ]
984 silly gunzTarPerm extractEntry src/locale/ca.js
985 silly gunzTarPerm modified mode [ 'src/locale/ca.js', 420, 438 ]
986 silly gunzTarPerm extractEntry src/locale/tl-ph.js
987 silly gunzTarPerm modified mode [ 'src/locale/tl-ph.js', 420, 438 ]
988 silly gunzTarPerm extractEntry src/locale/bs.js
989 silly gunzTarPerm modified mode [ 'src/locale/bs.js', 420, 438 ]
990 silly gunzTarPerm extractEntry src/locale/tlh.js
991 silly gunzTarPerm modified mode [ 'src/locale/tlh.js', 420, 438 ]
992 silly gunzTarPerm extractEntry src/locale/br.js
993 silly gunzTarPerm modified mode [ 'src/locale/br.js', 420, 438 ]
994 silly gunzTarPerm extractEntry src/locale/tr.js
995 silly gunzTarPerm modified mode [ 'src/locale/tr.js', 420, 438 ]
996 silly gunzTarPerm extractEntry src/locale/bo.js
997 silly gunzTarPerm modified mode [ 'src/locale/bo.js', 420, 438 ]
998 silly gunzTarPerm extractEntry src/locale/tzl.js
999 silly gunzTarPerm modified mode [ 'src/locale/tzl.js', 420, 438 ]
1000 silly gunzTarPerm extractEntry src/locale/bn.js
1001 silly gunzTarPerm modified mode [ 'src/locale/bn.js', 420, 438 ]
1002 silly gunzTarPerm extractEntry src/locale/tzm-latn.js
1003 silly gunzTarPerm modified mode [ 'src/locale/tzm-latn.js', 420, 438 ]
1004 silly gunzTarPerm extractEntry src/locale/bg.js
1005 silly gunzTarPerm modified mode [ 'src/locale/bg.js', 420, 438 ]
1006 silly gunzTarPerm extractEntry src/locale/tzm.js
1007 silly gunzTarPerm modified mode [ 'src/locale/tzm.js', 420, 438 ]
1008 silly gunzTarPerm extractEntry src/locale/be.js
1009 silly gunzTarPerm modified mode [ 'src/locale/be.js', 420, 438 ]
1010 silly gunzTarPerm extractEntry src/locale/uk.js
1011 silly gunzTarPerm modified mode [ 'src/locale/uk.js', 420, 438 ]
1012 silly gunzTarPerm extractEntry src/locale/az.js
1013 silly gunzTarPerm modified mode [ 'src/locale/az.js', 420, 438 ]
1014 silly gunzTarPerm extractEntry src/locale/uz.js
1015 silly gunzTarPerm modified mode [ 'src/locale/uz.js', 420, 438 ]
1016 silly gunzTarPerm extractEntry src/locale/ar.js
1017 silly gunzTarPerm modified mode [ 'src/locale/ar.js', 420, 438 ]
1018 silly gunzTarPerm extractEntry src/locale/vi.js
1019 silly gunzTarPerm modified mode [ 'src/locale/vi.js', 420, 438 ]
1020 silly gunzTarPerm extractEntry src/locale/ar-tn.js
1021 silly gunzTarPerm modified mode [ 'src/locale/ar-tn.js', 420, 438 ]
1022 silly gunzTarPerm extractEntry src/locale/x-pseudo.js
1023 silly gunzTarPerm modified mode [ 'src/locale/x-pseudo.js', 420, 438 ]
1024 silly gunzTarPerm extractEntry src/locale/ar-sa.js
1025 silly gunzTarPerm modified mode [ 'src/locale/ar-sa.js', 420, 438 ]
1026 silly gunzTarPerm extractEntry src/locale/zh-cn.js
1027 silly gunzTarPerm modified mode [ 'src/locale/zh-cn.js', 420, 438 ]
1028 silly gunzTarPerm extractEntry src/locale/ar-ma.js
1029 silly gunzTarPerm modified mode [ 'src/locale/ar-ma.js', 420, 438 ]
1030 silly gunzTarPerm extractEntry src/locale/zh-hk.js
1031 silly gunzTarPerm modified mode [ 'src/locale/zh-hk.js', 420, 438 ]
1032 silly gunzTarPerm extractEntry src/locale/ar-ly.js
1033 silly gunzTarPerm modified mode [ 'src/locale/ar-ly.js', 420, 438 ]
1034 silly gunzTarPerm extractEntry src/locale/zh-tw.js
1035 silly gunzTarPerm modified mode [ 'src/locale/zh-tw.js', 420, 438 ]
1036 silly gunzTarPerm extractEntry src/locale/kk.js
1037 silly gunzTarPerm modified mode [ 'src/locale/kk.js', 420, 438 ]
1038 verbose write writing to C:\Users\oluwasegun\node project\angular2template\node_modules\moment\package.json
1039 info preinstall moment@2.15.2
1040 verbose readDependencies loading dependencies from C:\Users\oluwasegun\node project\angular2template\node_modules\moment\package.json
1041 verbose readDependencies loading dependencies from C:\Users\oluwasegun\node project\angular2template\node_modules\moment\package.json
1042 silly install resolved []
1043 verbose about to build C:\Users\oluwasegun\node project\angular2template\node_modules\moment
1044 info build C:\Users\oluwasegun\node project\angular2template\node_modules\moment
1045 info linkStuff moment@2.15.2
1046 silly linkStuff moment@2.15.2 has C:\Users\oluwasegun\node project\angular2template\node_modules as its parent node_modules
1047 verbose linkBins moment@2.15.2
1048 verbose linkMans moment@2.15.2
1049 verbose rebuildBundles moment@2.15.2
1050 info install moment@2.15.2
1051 info postinstall moment@2.15.2
1052 verbose unlock done using C:\Users\oluwasegun\AppData\Roaming\npm-cache\_locks\moment-cc1a5f15bbae9d45.lock for C:\Users\oluwasegun\node project\angular2template\node_modules\moment
1053 verbose validateInstall loading C:\Users\oluwasegun\node project\angular2template\package.json for validation
1054 verbose stack Error: The package rxjs@5.0.0-beta.12 does not satisfy its siblings' peerDependencies requirements!
1054 verbose stack     at C:\Program Files\nodejs\node_modules\npm\lib\install.js:125:32
1054 verbose stack     at C:\Program Files\nodejs\node_modules\npm\lib\install.js:268:7
1054 verbose stack     at C:\Program Files\nodejs\node_modules\npm\node_modules\read-installed\read-installed.js:142:5
1054 verbose stack     at C:\Program Files\nodejs\node_modules\npm\node_modules\read-installed\read-installed.js:263:14
1054 verbose stack     at cb (C:\Program Files\nodejs\node_modules\npm\node_modules\slide\lib\async-map.js:47:24)
1054 verbose stack     at C:\Program Files\nodejs\node_modules\npm\node_modules\read-installed\read-installed.js:263:14
1054 verbose stack     at cb (C:\Program Files\nodejs\node_modules\npm\node_modules\slide\lib\async-map.js:47:24)
1054 verbose stack     at C:\Program Files\nodejs\node_modules\npm\node_modules\read-installed\read-installed.js:263:14
1054 verbose stack     at cb (C:\Program Files\nodejs\node_modules\npm\node_modules\slide\lib\async-map.js:47:24)
1054 verbose stack     at C:\Program Files\nodejs\node_modules\npm\node_modules\read-installed\read-installed.js:263:14
1055 verbose cwd C:\Users\oluwasegun\node project\angular2template
1056 error Windows_NT 10.0.10586
1057 error argv "C:\\Program Files\\nodejs\\node.exe" "C:\\Program Files\\nodejs\\node_modules\\npm\\bin\\npm-cli.js" "install" "moment" "--save"
1058 error node v4.4.3
1059 error npm  v2.15.1
1060 error code EPEERINVALID
1061 error peerinvalid The package rxjs@5.0.0-beta.12 does not satisfy its siblings' peerDependencies requirements!
1061 error peerinvalid Peer @angular/core@2.1.1 wants rxjs@5.0.0-beta.12
1061 error peerinvalid Peer @angular/http@2.1.1 wants rxjs@5.0.0-beta.12
1061 error peerinvalid Peer @angular/router@3.1.1 wants rxjs@5.0.0-beta.12
1061 error peerinvalid Peer angular-in-memory-web-api@0.1.13 wants rxjs@5.0.0-beta.12
1061 error peerinvalid Peer angular2-jwt@0.1.21 wants rxjs@5.0.0-beta.11
1062 verbose exit [ 1, true ]
